info it worked if it ends with ok
verbose cli [ '/usr/bin/nodejs',
verbose cli   '/usr/bin/npm',
verbose cli   'install',
verbose cli   'recess',
verbose cli   'connect',
verbose cli   'uglify-js',
verbose cli   'jshint',
verbose cli   '-g' ]
info using npm@1.1.4
info using node@v0.6.19
verbose config file /home/lucas/.npmrc
verbose config file /usr/etc/npmrc
verbose config file /usr/share/npm/npmrc
silly exec /usr/bin/nodejs "/usr/share/npm/bin/npm-get-uid-gid.js" "nobody" 1000
silly spawning [ '/usr/bin/nodejs',
silly spawning   [ '/usr/share/npm/bin/npm-get-uid-gid.js', 'nobody', 1000 ],
silly spawning   null ]
silly output from getuid/gid {"uid":65534,"gid":1000}
silly output from getuid/gid 
verbose cache add [ 'recess', null ]
silly cache add: name, spec, args [ undefined, 'recess', [ 'recess', null ] ]
verbose parsed url { pathname: 'recess', path: 'recess', href: 'recess' }
verbose cache add [ 'connect', null ]
silly cache add: name, spec, args [ undefined, 'connect', [ 'connect', null ] ]
verbose parsed url { pathname: 'connect', path: 'connect', href: 'connect' }
verbose cache add [ 'uglify-js', null ]
silly cache add: name, spec, args [ undefined, 'uglify-js', [ 'uglify-js', null ] ]
verbose parsed url { pathname: 'uglify-js', path: 'uglify-js', href: 'uglify-js' }
verbose cache add [ 'jshint', null ]
silly cache add: name, spec, args [ undefined, 'jshint', [ 'jshint', null ] ]
verbose parsed url { pathname: 'jshint', path: 'jshint', href: 'jshint' }
verbose addNamed [ 'recess', '' ]
verbose addNamed [ null, '' ]
silly name, range, hasData [ 'recess', '', false ]
verbose addNamed [ 'connect', '' ]
verbose addNamed [ null, '' ]
silly name, range, hasData [ 'connect', '', false ]
verbose addNamed [ 'uglify-js', '' ]
verbose addNamed [ null, '' ]
silly name, range, hasData [ 'uglify-js', '', false ]
verbose addNamed [ 'jshint', '' ]
verbose addNamed [ null, '' ]
silly name, range, hasData [ 'jshint', '', false ]
verbose raw, before any munging recess
verbose url resolving [ 'https://registry.npmjs.org/', './recess' ]
verbose url resolved https://registry.npmjs.org/recess
verbose etag "3A8VXY75A7SYF1NOSNEAJEO0J"
http GET https://registry.npmjs.org/recess
verbose raw, before any munging jshint
verbose url resolving [ 'https://registry.npmjs.org/', './jshint' ]
verbose url resolved https://registry.npmjs.org/jshint
verbose etag "6UYIQWY6UZXZ5CJVPS5VKYIUB"
http GET https://registry.npmjs.org/jshint
verbose raw, before any munging connect
verbose url resolving [ 'https://registry.npmjs.org/', './connect' ]
verbose url resolved https://registry.npmjs.org/connect
verbose etag "38ZF2TFDE2GL8XBX7SK3WOGTH"
http GET https://registry.npmjs.org/connect
verbose raw, before any munging uglify-js
verbose url resolving [ 'https://registry.npmjs.org/', './uglify-js' ]
verbose url resolved https://registry.npmjs.org/uglify-js
verbose etag "5GQ68T8FG51OPO37PY2BEXM2N"
http GET https://registry.npmjs.org/uglify-js
http 304 https://registry.npmjs.org/recess
silly get cb [ 304,
silly get cb   { server: 'CouchDB/1.3.0 (Erlang OTP/R15B03)',
silly get cb     etag: '"3A8VXY75A7SYF1NOSNEAJEO0J"',
silly get cb     date: 'Sun, 16 Jun 2013 13:34:03 GMT',
silly get cb     'content-length': '0' } ]
verbose etag recess from cache
http 304 https://registry.npmjs.org/connect
silly get cb [ 304,
silly get cb   { server: 'CouchDB/1.3.0 (Erlang OTP/R15B03)',
silly get cb     etag: '"38ZF2TFDE2GL8XBX7SK3WOGTH"',
silly get cb     date: 'Sun, 16 Jun 2013 13:34:03 GMT',
silly get cb     'content-length': '0' } ]
verbose etag connect from cache
silly name, range, hasData 2 [ 'recess', '', true ]
silly versions [ 'recess',
silly versions   [ '0.1.0',
silly versions     '1.0.0',
silly versions     '1.0.1',
silly versions     '1.0.2',
silly versions     '1.0.3',
silly versions     '1.0.4',
silly versions     '1.1.0',
silly versions     '1.1.1',
silly versions     '1.1.3',
silly versions     '1.1.4',
silly versions     '1.1.5',
silly versions     '1.1.6',
silly versions     '1.1.7',
silly versions     '1.1.8' ] ]
verbose bin dist [ '0.6-ares1.9.1-evundefined-openssl1.0.1c-v83.8.9.20-linux-x64-3.8.0-23-generic',
verbose bin dist   { shasum: 'fa0a9bba962d7df0b762c6aabbd638733024b206',
verbose bin dist     tarball: 'http://registry.npmjs.org/recess/-/recess-1.1.8.tgz' } ]
silly name, range, hasData 2 [ 'connect', '', true ]
silly versions [ 'connect',
silly versions   [ '0.0.1',
silly versions     '0.0.2',
silly versions     '0.0.3',
silly versions     '0.0.4',
silly versions     '0.0.5',
silly versions     '0.0.6',
silly versions     '0.1.0',
silly versions     '0.2.0',
silly versions     '0.2.1',
silly versions     '0.2.2',
silly versions     '0.2.3',
silly versions     '0.2.4',
silly versions     '0.2.5',
silly versions     '0.2.6',
silly versions     '0.2.7',
silly versions     '0.3.0',
silly versions     '0.4.0',
silly versions     '0.5.0',
silly versions     '0.5.1',
silly versions     '0.5.2',
silly versions     '0.5.3',
silly versions     '0.5.4',
silly versions     '0.5.5',
silly versions     '0.5.6',
silly versions     '0.5.7',
silly versions     '0.5.8',
silly versions     '0.5.9',
silly versions     '0.5.10',
silly versions     '1.0.0',
silly versions     '1.0.1',
silly versions     '1.7.2',
silly versions     '1.7.3',
silly versions     '1.8.0',
silly versions     '1.8.1',
silly versions     '1.8.2',
silly versions     '1.8.3',
silly versions     '1.8.4',
silly versions     '1.8.5',
silly versions     '2.0.0',
silly versions     '2.0.1',
silly versions     '2.0.2',
silly versions     '2.0.3',
silly versions     '1.8.6',
silly versions     '2.1.0',
silly versions     '2.1.1',
silly versions     '2.1.2',
silly versions     '1.8.7',
silly versions     '2.1.3',
silly versions     '2.2.0',
silly versions     '2.2.1',
silly versions     '2.2.2',
silly versions     '2.3.0',
silly versions     '2.3.1',
silly versions     '2.3.2',
silly versions     '2.3.3',
silly versions     '1.9.0',
silly versions     '1.9.1',
silly versions     '2.3.4',
silly versions     '2.3.5',
silly versions     '2.3.6',
silly versions     '2.3.7',
silly versions     '1.9.2',
silly versions     '2.3.8',
silly versions     '2.3.9',
silly versions     '2.4.0',
silly versions     '2.4.1',
silly versions     '2.4.2',
silly versions     '2.4.3',
silly versions     '2.4.4',
silly versions     '2.4.5',
silly versions     '2.4.6',
silly versions     '2.5.0',
silly versions     '2.6.0',
silly versions     '2.6.1',
silly versions     '2.6.2',
silly versions     '2.7.0',
silly versions     '2.7.1',
silly versions     '2.7.2',
silly versions     '2.7.3',
silly versions     '2.7.4',
silly versions     '2.7.5',
silly versions     '2.7.6',
silly versions     '2.7.7',
silly versions     '2.7.8' ] ]
verbose bin dist [ '0.6-ares1.9.1-evundefined-openssl1.0.1c-v83.8.9.20-linux-x64-3.8.0-23-generic',
verbose bin dist   { shasum: '3898b70382a441d10b8582a7dbac3d04b348beda',
verbose bin dist     tarball: 'http://registry.npmjs.org/connect/-/connect-2.7.8.tgz' } ]
http 304 https://registry.npmjs.org/uglify-js
silly get cb [ 304,
silly get cb   { server: 'CouchDB/1.3.0 (Erlang OTP/R15B03)',
silly get cb     etag: '"5GQ68T8FG51OPO37PY2BEXM2N"',
silly get cb     date: 'Sun, 16 Jun 2013 13:34:03 GMT',
silly get cb     'content-length': '0' } ]
verbose etag uglify-js from cache
verbose caching /home/lucas/.npm/recess/1.1.8/package/package.json
verbose loadDefaults recess@1.1.8
verbose caching /home/lucas/.npm/connect/2.7.8/package/package.json
verbose loadDefaults connect@2.7.8
silly name, range, hasData 2 [ 'uglify-js', '', true ]
silly versions [ 'uglify-js',
silly versions   [ '0.0.1',
silly versions     '0.0.2',
silly versions     '0.0.3',
silly versions     '0.0.4',
silly versions     '0.0.5',
silly versions     '1.0.1',
silly versions     '1.0.2',
silly versions     '1.0.3',
silly versions     '1.0.4',
silly versions     '1.0.5',
silly versions     '1.0.6',
silly versions     '1.0.7',
silly versions     '1.1.0',
silly versions     '1.1.1',
silly versions     '1.2.0',
silly versions     '1.2.1',
silly versions     '1.2.2',
silly versions     '1.2.3',
silly versions     '1.2.4',
silly versions     '1.2.5',
silly versions     '1.2.6',
silly versions     '1.3.0',
silly versions     '1.3.1',
silly versions     '1.3.2',
silly versions     '1.3.3',
silly versions     '1.3.4',
silly versions     '2.2.0',
silly versions     '2.2.1',
silly versions     '2.2.2',
silly versions     '2.2.3',
silly versions     '2.2.4',
silly versions     '2.2.5',
silly versions     '2.3.0',
silly versions     '2.3.1',
silly versions     '2.3.2',
silly versions     '2.3.3',
silly versions     '2.3.4',
silly versions     '2.3.5',
silly versions     '2.3.6',
silly versions     '1.3.5' ] ]
verbose bin dist [ '0.6-ares1.9.1-evundefined-openssl1.0.1c-v83.8.9.20-linux-x64-3.8.0-23-generic',
verbose bin dist   { shasum: 'fa0984770b428b7a9b2a8058f46355d14fef211a',
verbose bin dist     tarball: 'http://registry.npmjs.org/uglify-js/-/uglify-js-2.3.6.tgz' } ]
verbose caching /home/lucas/.npm/uglify-js/2.3.6/package/package.json
verbose loadDefaults uglify-js@2.3.6
http 304 https://registry.npmjs.org/jshint
silly get cb [ 304,
silly get cb   { server: 'CouchDB/1.3.0 (Erlang OTP/R15B03)',
silly get cb     etag: '"6UYIQWY6UZXZ5CJVPS5VKYIUB"',
silly get cb     date: 'Sun, 16 Jun 2013 13:34:03 GMT',
silly get cb     'content-length': '0' } ]
verbose etag jshint from cache
silly name, range, hasData 2 [ 'jshint', '', true ]
silly versions [ 'jshint',
silly versions   [ '0.1.8',
silly versions     '0.1.9',
silly versions     '0.2.0',
silly versions     '0.2.1',
silly versions     '0.2.2',
silly versions     '0.2.3',
silly versions     '0.3.0',
silly versions     '0.3.1',
silly versions     '0.4.0',
silly versions     '0.5.0',
silly versions     '0.5.1',
silly versions     '0.5.2',
silly versions     '0.5.3',
silly versions     '0.5.4',
silly versions     '0.5.5',
silly versions     '0.5.6',
silly versions     '0.5.7',
silly versions     '0.5.8',
silly versions     '0.5.9',
silly versions     '0.6.0',
silly versions     '0.6.1',
silly versions     '0.6.2',
silly versions     '0.6.3',
silly versions     '0.7.0',
silly versions     '0.7.1',
silly versions     '0.7.2',
silly versions     '0.7.3',
silly versions     '0.8.0',
silly versions     '0.8.1',
silly versions     '0.8.2',
silly versions     '0.9.0',
silly versions     '0.9.1',
silly versions     '1.0.0',
silly versions     '1.1.0',
silly versions     '2.0.0',
silly versions     '2.0.1',
silly versions     '2.1.0',
silly versions     '2.1.1',
silly versions     '2.1.2',
silly versions     '2.1.3' ] ]
verbose bin dist [ '0.6-ares1.9.1-evundefined-openssl1.0.1c-v83.8.9.20-linux-x64-3.8.0-23-generic',
verbose bin dist   { shasum: '2392e062f7f080fc5ee6d6db8164b6c81b1abaaf',
verbose bin dist     tarball: 'http://registry.npmjs.org/jshint/-/jshint-2.1.3.tgz' } ]
verbose caching /home/lucas/.npm/jshint/2.1.3/package/package.json
verbose loadDefaults jshint@2.1.3
silly resolved [ { name: 'recess',
silly resolved     description: 'A simple, attractive code quality tool for CSS built on top of LESS',
silly resolved     version: '1.1.8',
silly resolved     author: 
silly resolved      { name: 'Jacob Thornton',
silly resolved        email: 'jacob@twitter.com',
silly resolved        url: 'https://github.com/fat' },
silly resolved     repository: { type: 'git', url: 'git://github.com/twitter/recess.git' },
silly resolved     keywords: [ 'css', 'lint' ],
silly resolved     licenses: 
silly resolved      [ { type: 'Apache-2.0',
silly resolved          url: 'http://www.apache.org/licenses/LICENSE-2.0' } ],
silly resolved     main: './lib',
silly resolved     homepage: 'http://twitter.github.com/recess',
silly resolved     engines: { node: '>= 0.4.0' },
silly resolved     dependencies: 
silly resolved      { colors: '>= 0.3.0',
silly resolved        nopt: '>= 1.0.10',
silly resolved        underscore: '>= 1.2.1',
silly resolved        watch: '>= 0.5.1',
silly resolved        less: '~1.3.0' },
silly resolved     directories: { bin: './bin' },
silly resolved     scripts: { test: 'node test' },
silly resolved     bin: { recess: './bin/recess' },
silly resolved     preferGlobal: true,
silly resolved     _id: 'recess@1.1.8',
silly resolved     devDependencies: {},
silly resolved     optionalDependencies: {},
silly resolved     _engineSupported: true,
silly resolved     _npmVersion: '1.1.4',
silly resolved     _nodeVersion: 'v0.6.19',
silly resolved     _defaultsLoaded: true,
silly resolved     _from: 'recess' },
silly resolved   { name: 'connect',
silly resolved     version: '2.7.8',
silly resolved     description: 'High performance middleware framework',
silly resolved     keywords: [ 'framework', 'web', 'middleware', 'connect', 'rack' ],
silly resolved     repository: { type: 'git', url: 'git://github.com/senchalabs/connect.git' },
silly resolved     author: 
silly resolved      { name: 'TJ Holowaychuk',
silly resolved        email: 'tj@vision-media.ca',
silly resolved        url: 'http://tjholowaychuk.com' },
silly resolved     dependencies: 
silly resolved      { qs: '0.6.3',
silly resolved        formidable: '1.0.13',
silly resolved        'cookie-signature': '1.0.1',
silly resolved        'buffer-crc32': '0.2.1',
silly resolved        cookie: '0.0.5',
silly resolved        send: '0.1.0',
silly resolved        bytes: '0.2.0',
silly resolved        fresh: '0.1.0',
silly resolved        pause: '0.0.1',
silly resolved        debug: '*' },
silly resolved     devDependencies: { should: '*', mocha: '*', jade: '*', dox: '*' },
silly resolved     main: 'index',
silly resolved     engines: { node: '>= 0.5.0' },
silly resolved     scripts: { test: 'make' },
silly resolved     _id: 'connect@2.7.8',
silly resolved     optionalDependencies: {},
silly resolved     _engineSupported: true,
silly resolved     _npmVersion: '1.1.4',
silly resolved     _nodeVersion: 'v0.6.19',
silly resolved     _defaultsLoaded: true,
silly resolved     _from: 'connect' },
silly resolved   { name: 'uglify-js',
silly resolved     description: 'JavaScript parser, mangler/compressor and beautifier toolkit',
silly resolved     homepage: 'http://lisperator.net/uglifyjs',
silly resolved     main: 'tools/node.js',
silly resolved     version: '2.3.6',
silly resolved     engines: { node: '>=0.4.0' },
silly resolved     maintainers: 
silly resolved      [ { name: 'Mihai Bazon',
silly resolved          email: 'mihai.bazon@gmail.com',
silly resolved          url: 'http://lisperator.net/' } ],
silly resolved     repository: { type: 'git', url: 'git://github.com/mishoo/UglifyJS2.git' },
silly resolved     dependencies: { async: '~0.2.6', 'source-map': '~0.1.7', optimist: '~0.3.5' },
silly resolved     bin: { uglifyjs: 'bin/uglifyjs' },
silly resolved     scripts: { test: 'node test/run-tests.js' },
silly resolved     _id: 'uglify-js@2.3.6',
silly resolved     devDependencies: {},
silly resolved     optionalDependencies: {},
silly resolved     _engineSupported: true,
silly resolved     _npmVersion: '1.1.4',
silly resolved     _nodeVersion: 'v0.6.19',
silly resolved     _defaultsLoaded: true,
silly resolved     _from: 'uglify-js' },
silly resolved   { name: 'jshint',
silly resolved     version: '2.1.3',
silly resolved     homepage: 'http://jshint.com/',
silly resolved     description: 'Static analysis tool for JavaScript',
silly resolved     author: 
silly resolved      { name: 'Anton Kovalyov',
silly resolved        email: 'anton@kovalyov.net',
silly resolved        url: 'http://anton.kovalyov.net/' },
silly resolved     repository: { type: 'git', url: 'git://github.com/jshint/jshint.git' },
silly resolved     bugs: { url: 'https://github.com/jshint/jshint/issues' },
silly resolved     bin: { jshint: './bin/jshint' },
silly resolved     scripts: 
silly resolved      { build: 'node ./make.js build',
silly resolved        test: 'node ./make.js test',
silly resolved        lint: 'node ./make.js lint' },
silly resolved     main: './src/stable/jshint.js',
silly resolved     dependencies: 
silly resolved      { shelljs: '0.1.x',
silly resolved        underscore: '1.4.x',
silly resolved        cli: '0.4.x',
silly resolved        minimatch: '0.x.x',
silly resolved        'console-browserify': '0.1.x' },
silly resolved     devDependencies: 
silly resolved      { jshint: '2.1.x',
silly resolved        shelljs: '0.1.x',
silly resolved        browserify: '2.12.x',
silly resolved        coveraje: '0.2.x',
silly resolved        nodeunit: '0.8.x',
silly resolved        sinon: '1.7.x' },
silly resolved     licenses: 
silly resolved      [ { type: 'MIT',
silly resolved          url: 'https://github.com/jshint/jshint/blob/master/LICENSE' } ],
silly resolved     preferGlobal: true,
silly resolved     _id: 'jshint@2.1.3',
silly resolved     optionalDependencies: {},
silly resolved     engines: { node: '*' },
silly resolved     _engineSupported: true,
silly resolved     _npmVersion: '1.1.4',
silly resolved     _nodeVersion: 'v0.6.19',
silly resolved     _defaultsLoaded: true,
silly resolved     _from: 'jshint' } ]
info into /usr/local/lib recess@1.1.8
info into /usr/local/lib connect@2.7.8
info into /usr/local/lib uglify-js@2.3.6
info into /usr/local/lib jshint@2.1.3
info installOne recess@1.1.8
info installOne connect@2.7.8
info installOne uglify-js@2.3.6
info installOne jshint@2.1.3
verbose from cache /home/lucas/.npm/recess/1.1.8/package/package.json
info unbuild /usr/local/lib/node_modules/recess
verbose from cache /home/lucas/.npm/connect/2.7.8/package/package.json
info unbuild /usr/local/lib/node_modules/connect
verbose from cache /home/lucas/.npm/uglify-js/2.3.6/package/package.json
info unbuild /usr/local/lib/node_modules/uglify-js
verbose from cache /home/lucas/.npm/jshint/2.1.3/package/package.json
info unbuild /usr/local/lib/node_modules/jshint
verbose mkdir (expected) error ENOENT, stat '/usr/local/lib/node_modules'
verbose mkdir (expected) error ENOENT, stat '/usr/local/lib/node_modules'
verbose mkdir (expected) error ENOENT, stat '/usr/local/lib/node_modules'
verbose mkdir (expected) error ENOENT, stat '/usr/local/lib/node_modules'
verbose mkdir (expected) error ENOENT, stat '/usr/local/lib/node_modules/___recess.npm'
verbose mkdir (expected) error ENOENT, stat '/usr/local/lib/node_modules/___connect.npm'
verbose mkdir (expected) error ENOENT, stat '/usr/local/lib/node_modules/___uglify-js.npm'
verbose mkdir (expected) error ENOENT, stat '/usr/local/lib/node_modules/___jshint.npm'
verbose mkdir done: /usr/local/lib/node_modules/___recess.npm 755
verbose mkdir done: /usr/local/lib/node_modules/___connect.npm 755
verbose mkdir done: /usr/local/lib/node_modules/___uglify-js.npm 755
verbose mkdir done: /usr/local/lib/node_modules/___jshint.npm 755
verbose unpack_ uid, gid [ 65534, 1000 ]
verbose unpackTarget /usr/local/lib/node_modules/recess
silly gunzTarPerm modes [ '755', '644' ]
verbose unpack_ uid, gid [ 65534, 1000 ]
verbose unpackTarget /usr/local/lib/node_modules/connect
silly gunzTarPerm modes [ '755', '644' ]
verbose unpack_ uid, gid [ 65534, 1000 ]
verbose unpackTarget /usr/local/lib/node_modules/uglify-js
silly gunzTarPerm modes [ '755', '644' ]
verbose unpack_ uid, gid [ 65534, 1000 ]
verbose unpackTarget /usr/local/lib/node_modules/jshint
silly gunzTarPerm modes [ '755', '644' ]
silly afterUntar ok
silly asyncMap in gTP /usr/local/lib/node_modules/___recess.npm/package
silly asyncMap in gTP /usr/local/lib/node_modules/___recess.npm/package/makefile
silly asyncMap in gTP /usr/local/lib/node_modules/___recess.npm/package/.npmignore
silly asyncMap in gTP /usr/local/lib/node_modules/___recess.npm/package/package.json
silly asyncMap in gTP /usr/local/lib/node_modules/___recess.npm/package/.travis.yml
silly asyncMap in gTP /usr/local/lib/node_modules/___recess.npm/package/LICENSE
silly asyncMap in gTP /usr/local/lib/node_modules/___recess.npm/package/.gitattributes
silly asyncMap in gTP /usr/local/lib/node_modules/___recess.npm/package/README.md
silly asyncMap in gTP /usr/local/lib/node_modules/___recess.npm/package/benchmark
silly asyncMap in gTP /usr/local/lib/node_modules/___recess.npm/package/benchmark/index.js
silly asyncMap in gTP /usr/local/lib/node_modules/___recess.npm/package/benchmark/benchmark.less
silly asyncMap in gTP /usr/local/lib/node_modules/___recess.npm/package/bin
silly asyncMap in gTP /usr/local/lib/node_modules/___recess.npm/package/bin/recess
silly asyncMap in gTP /usr/local/lib/node_modules/___recess.npm/package/test
silly asyncMap in gTP /usr/local/lib/node_modules/___recess.npm/package/test/index.js
silly asyncMap in gTP /usr/local/lib/node_modules/___recess.npm/package/test/sprite.png
silly asyncMap in gTP /usr/local/lib/node_modules/___recess.npm/package/test/types
silly asyncMap in gTP /usr/local/lib/node_modules/___recess.npm/package/test/types/compile.js
silly asyncMap in gTP /usr/local/lib/node_modules/___recess.npm/package/test/types/errors.js
silly asyncMap in gTP /usr/local/lib/node_modules/___recess.npm/package/test/types/lint.js
silly asyncMap in gTP /usr/local/lib/node_modules/___recess.npm/package/test/fixtures
silly asyncMap in gTP /usr/local/lib/node_modules/___recess.npm/package/test/fixtures/no-IDs.css
silly asyncMap in gTP /usr/local/lib/node_modules/___recess.npm/package/test/fixtures/sprite.png
silly asyncMap in gTP /usr/local/lib/node_modules/___recess.npm/package/test/fixtures/prefixes.css
silly asyncMap in gTP /usr/local/lib/node_modules/___recess.npm/package/test/fixtures/no-overqualifying.css
silly asyncMap in gTP /usr/local/lib/node_modules/___recess.npm/package/test/fixtures/inline-images.css
silly asyncMap in gTP /usr/local/lib/node_modules/___recess.npm/package/test/fixtures/no-underscores.css
silly asyncMap in gTP /usr/local/lib/node_modules/___recess.npm/package/test/fixtures/simple.css
silly asyncMap in gTP /usr/local/lib/node_modules/___recess.npm/package/test/fixtures/no-JS.css
silly asyncMap in gTP /usr/local/lib/node_modules/___recess.npm/package/test/fixtures/property-order.css
silly asyncMap in gTP /usr/local/lib/node_modules/___recess.npm/package/test/fixtures/preboot.less
silly asyncMap in gTP /usr/local/lib/node_modules/___recess.npm/package/test/fixtures/zero-units.css
silly asyncMap in gTP /usr/local/lib/node_modules/___recess.npm/package/test/fixtures/universal-selectors.css
silly asyncMap in gTP /usr/local/lib/node_modules/___recess.npm/package/test/fixtures/blog.css
silly asyncMap in gTP /usr/local/lib/node_modules/___recess.npm/package/test/compiled
silly asyncMap in gTP /usr/local/lib/node_modules/___recess.npm/package/test/compiled/no-IDs.css
silly asyncMap in gTP /usr/local/lib/node_modules/___recess.npm/package/test/compiled/prefixes.css
silly asyncMap in gTP /usr/local/lib/node_modules/___recess.npm/package/test/compiled/no-overqualifying.css
silly asyncMap in gTP /usr/local/lib/node_modules/___recess.npm/package/test/compiled/inline-images.css
silly asyncMap in gTP /usr/local/lib/node_modules/___recess.npm/package/test/compiled/no-underscores.css
silly asyncMap in gTP /usr/local/lib/node_modules/___recess.npm/package/test/compiled/preboot.css
silly asyncMap in gTP /usr/local/lib/node_modules/___recess.npm/package/test/compiled/simple.css
silly asyncMap in gTP /usr/local/lib/node_modules/___recess.npm/package/test/compiled/no-JS.css
silly asyncMap in gTP /usr/local/lib/node_modules/___recess.npm/package/test/compiled/property-order.css
silly asyncMap in gTP /usr/local/lib/node_modules/___recess.npm/package/test/compiled/zero-units.css
silly asyncMap in gTP /usr/local/lib/node_modules/___recess.npm/package/test/compiled/universal-selectors.css
silly asyncMap in gTP /usr/local/lib/node_modules/___recess.npm/package/test/compiled/blog.css
silly asyncMap in gTP /usr/local/lib/node_modules/___recess.npm/package/lib
silly asyncMap in gTP /usr/local/lib/node_modules/___recess.npm/package/lib/index.js
silly asyncMap in gTP /usr/local/lib/node_modules/___recess.npm/package/lib/util.js
silly asyncMap in gTP /usr/local/lib/node_modules/___recess.npm/package/lib/min.js
silly asyncMap in gTP /usr/local/lib/node_modules/___recess.npm/package/lib/core.js
silly asyncMap in gTP /usr/local/lib/node_modules/___recess.npm/package/lib/lint
silly asyncMap in gTP /usr/local/lib/node_modules/___recess.npm/package/lib/lint/zero-units.js
silly asyncMap in gTP /usr/local/lib/node_modules/___recess.npm/package/lib/lint/no-IDs.js
silly asyncMap in gTP /usr/local/lib/node_modules/___recess.npm/package/lib/lint/no-JS-prefix.js
silly asyncMap in gTP /usr/local/lib/node_modules/___recess.npm/package/lib/lint/no-underscores.js
silly asyncMap in gTP /usr/local/lib/node_modules/___recess.npm/package/lib/lint/strict-property-order.js
silly asyncMap in gTP /usr/local/lib/node_modules/___recess.npm/package/lib/lint/no-universal-selectors.js
silly asyncMap in gTP /usr/local/lib/node_modules/___recess.npm/package/lib/lint/inline-images.js
silly asyncMap in gTP /usr/local/lib/node_modules/___recess.npm/package/lib/lint/no-overqualifying.js
silly asyncMap in gTP /usr/local/lib/node_modules/___recess.npm/package/lib/compile
silly asyncMap in gTP /usr/local/lib/node_modules/___recess.npm/package/lib/compile/zero-units.js
silly asyncMap in gTP /usr/local/lib/node_modules/___recess.npm/package/lib/compile/strict-property-order.js
silly asyncMap in gTP /usr/local/lib/node_modules/___recess.npm/package/lib/compile/inline-images.js
silly asyncMap in gTP /usr/local/lib/node_modules/___recess.npm/package/lib/compile/prefix-whitespace.js
verbose gunzed /usr/local/lib/node_modules/___recess.npm/package
verbose rm'ed /usr/local/lib/node_modules/recess
verbose renamed [ '/usr/local/lib/node_modules/___recess.npm/package',
verbose renamed   '/usr/local/lib/node_modules/recess' ]
verbose caching /usr/local/lib/node_modules/recess/package.json
verbose loadDefaults recess@1.1.8
info preinstall recess@1.1.8
verbose from cache /usr/local/lib/node_modules/recess/package.json
verbose readDependencies: using package.json deps
verbose from cache /usr/local/lib/node_modules/recess/package.json
verbose readDependencies: using package.json deps
verbose cache add [ 'nopt@>= 1.0.10', null ]
silly cache add: name, spec, args [ undefined, 'nopt@>= 1.0.10', [ 'nopt@>= 1.0.10', null ] ]
verbose parsed url { pathname: 'nopt@', path: 'nopt@', href: 'nopt@' }
silly cache add: name, spec, args [ 'nopt', '>= 1.0.10', [ 'nopt', '>= 1.0.10' ] ]
verbose parsed url { pathname: '=', path: '=', href: '=' }
verbose addNamed [ 'nopt', '>= 1.0.10' ]
verbose addNamed [ null, '>=1.0.10' ]
silly name, range, hasData [ 'nopt', '>=1.0.10', false ]
verbose cache add [ 'underscore@>= 1.2.1', null ]
silly cache add: name, spec, args [ undefined,
silly cache add: name, spec, args   'underscore@>= 1.2.1',
silly cache add: name, spec, args   [ 'underscore@>= 1.2.1', null ] ]
verbose parsed url { pathname: 'underscore@',
verbose parsed url   path: 'underscore@',
verbose parsed url   href: 'underscore@' }
silly cache add: name, spec, args [ 'underscore', '>= 1.2.1', [ 'underscore', '>= 1.2.1' ] ]
verbose parsed url { pathname: '=', path: '=', href: '=' }
verbose addNamed [ 'underscore', '>= 1.2.1' ]
verbose addNamed [ null, '>=1.2.1' ]
silly name, range, hasData [ 'underscore', '>=1.2.1', false ]
verbose raw, before any munging nopt
verbose url resolving [ 'https://registry.npmjs.org/', './nopt' ]
verbose url resolved https://registry.npmjs.org/nopt
http GET https://registry.npmjs.org/nopt
verbose raw, before any munging underscore
verbose url resolving [ 'https://registry.npmjs.org/', './underscore' ]
verbose url resolved https://registry.npmjs.org/underscore
http GET https://registry.npmjs.org/underscore
verbose cache add [ 'watch@>= 0.5.1', null ]
silly cache add: name, spec, args [ undefined, 'watch@>= 0.5.1', [ 'watch@>= 0.5.1', null ] ]
verbose parsed url { pathname: 'watch@', path: 'watch@', href: 'watch@' }
silly cache add: name, spec, args [ 'watch', '>= 0.5.1', [ 'watch', '>= 0.5.1' ] ]
verbose parsed url { pathname: '=', path: '=', href: '=' }
verbose addNamed [ 'watch', '>= 0.5.1' ]
verbose addNamed [ null, '>=0.5.1' ]
silly name, range, hasData [ 'watch', '>=0.5.1', false ]
verbose cache add [ 'less@~1.3.0', null ]
silly cache add: name, spec, args [ undefined, 'less@~1.3.0', [ 'less@~1.3.0', null ] ]
verbose parsed url { pathname: 'less@~1.3.0',
verbose parsed url   path: 'less@~1.3.0',
verbose parsed url   href: 'less@~1.3.0' }
silly cache add: name, spec, args [ 'less', '~1.3.0', [ 'less', '~1.3.0' ] ]
verbose parsed url { pathname: '~1.3.0', path: '~1.3.0', href: '~1.3.0' }
verbose addNamed [ 'less', '~1.3.0' ]
verbose addNamed [ null, '>=1.3.0- <1.4.0-' ]
silly name, range, hasData [ 'less', '>=1.3.0- <1.4.0-', false ]
verbose raw, before any munging watch
verbose url resolving [ 'https://registry.npmjs.org/', './watch' ]
verbose url resolved https://registry.npmjs.org/watch
http GET https://registry.npmjs.org/watch
verbose raw, before any munging less
verbose url resolving [ 'https://registry.npmjs.org/', './less' ]
verbose url resolved https://registry.npmjs.org/less
http GET https://registry.npmjs.org/less
verbose cache add [ 'colors@>= 0.3.0', null ]
silly cache add: name, spec, args [ undefined, 'colors@>= 0.3.0', [ 'colors@>= 0.3.0', null ] ]
verbose parsed url { pathname: 'colors@', path: 'colors@', href: 'colors@' }
silly cache add: name, spec, args [ 'colors', '>= 0.3.0', [ 'colors', '>= 0.3.0' ] ]
verbose parsed url { pathname: '=', path: '=', href: '=' }
verbose addNamed [ 'colors', '>= 0.3.0' ]
verbose addNamed [ null, '>=0.3.0' ]
silly name, range, hasData [ 'colors', '>=0.3.0', false ]
verbose raw, before any munging colors
verbose url resolving [ 'https://registry.npmjs.org/', './colors' ]
verbose url resolved https://registry.npmjs.org/colors
http GET https://registry.npmjs.org/colors
silly afterUntar ok
silly asyncMap in gTP /usr/local/lib/node_modules/___uglify-js.npm/package
silly asyncMap in gTP /usr/local/lib/node_modules/___uglify-js.npm/package/.npmignore
silly asyncMap in gTP /usr/local/lib/node_modules/___uglify-js.npm/package/package.json
silly asyncMap in gTP /usr/local/lib/node_modules/___uglify-js.npm/package/.travis.yml
silly asyncMap in gTP /usr/local/lib/node_modules/___uglify-js.npm/package/LICENSE
silly asyncMap in gTP /usr/local/lib/node_modules/___uglify-js.npm/package/README.md
silly asyncMap in gTP /usr/local/lib/node_modules/___uglify-js.npm/package/bin
silly asyncMap in gTP /usr/local/lib/node_modules/___uglify-js.npm/package/bin/uglifyjs
silly asyncMap in gTP /usr/local/lib/node_modules/___uglify-js.npm/package/tools
silly asyncMap in gTP /usr/local/lib/node_modules/___uglify-js.npm/package/tools/node.js
silly asyncMap in gTP /usr/local/lib/node_modules/___uglify-js.npm/package/lib
silly asyncMap in gTP /usr/local/lib/node_modules/___uglify-js.npm/package/lib/compress.js
silly asyncMap in gTP /usr/local/lib/node_modules/___uglify-js.npm/package/lib/sourcemap.js
silly asyncMap in gTP /usr/local/lib/node_modules/___uglify-js.npm/package/lib/scope.js
silly asyncMap in gTP /usr/local/lib/node_modules/___uglify-js.npm/package/lib/output.js
silly asyncMap in gTP /usr/local/lib/node_modules/___uglify-js.npm/package/lib/utils.js
silly asyncMap in gTP /usr/local/lib/node_modules/___uglify-js.npm/package/lib/mozilla-ast.js
silly asyncMap in gTP /usr/local/lib/node_modules/___uglify-js.npm/package/lib/parse.js
silly asyncMap in gTP /usr/local/lib/node_modules/___uglify-js.npm/package/lib/transform.js
silly asyncMap in gTP /usr/local/lib/node_modules/___uglify-js.npm/package/lib/ast.js
silly asyncMap in gTP /usr/local/lib/node_modules/___uglify-js.npm/package/test
silly asyncMap in gTP /usr/local/lib/node_modules/___uglify-js.npm/package/test/run-tests.js
silly asyncMap in gTP /usr/local/lib/node_modules/___uglify-js.npm/package/test/compress
silly asyncMap in gTP /usr/local/lib/node_modules/___uglify-js.npm/package/test/compress/issue-143.js
silly asyncMap in gTP /usr/local/lib/node_modules/___uglify-js.npm/package/test/compress/dead-code.js
silly asyncMap in gTP /usr/local/lib/node_modules/___uglify-js.npm/package/test/compress/drop-unused.js
silly asyncMap in gTP /usr/local/lib/node_modules/___uglify-js.npm/package/test/compress/issue-22.js
silly asyncMap in gTP /usr/local/lib/node_modules/___uglify-js.npm/package/test/compress/typeof.js
silly asyncMap in gTP /usr/local/lib/node_modules/___uglify-js.npm/package/test/compress/blocks.js
silly asyncMap in gTP /usr/local/lib/node_modules/___uglify-js.npm/package/test/compress/conditionals.js
silly asyncMap in gTP /usr/local/lib/node_modules/___uglify-js.npm/package/test/compress/properties.js
silly asyncMap in gTP /usr/local/lib/node_modules/___uglify-js.npm/package/test/compress/issue-105.js
silly asyncMap in gTP /usr/local/lib/node_modules/___uglify-js.npm/package/test/compress/switch.js
silly asyncMap in gTP /usr/local/lib/node_modules/___uglify-js.npm/package/test/compress/issue-12.js
silly asyncMap in gTP /usr/local/lib/node_modules/___uglify-js.npm/package/test/compress/arrays.js
silly asyncMap in gTP /usr/local/lib/node_modules/___uglify-js.npm/package/test/compress/sequences.js
silly asyncMap in gTP /usr/local/lib/node_modules/___uglify-js.npm/package/test/compress/loops.js
silly asyncMap in gTP /usr/local/lib/node_modules/___uglify-js.npm/package/test/compress/labels.js
silly asyncMap in gTP /usr/local/lib/node_modules/___uglify-js.npm/package/test/compress/issue-59.js
silly asyncMap in gTP /usr/local/lib/node_modules/___uglify-js.npm/package/test/compress/debugger.js
silly asyncMap in gTP /usr/local/lib/node_modules/___uglify-js.npm/package/test/compress/issue-44.js
verbose gunzed /usr/local/lib/node_modules/___uglify-js.npm/package
verbose rm'ed /usr/local/lib/node_modules/uglify-js
verbose renamed [ '/usr/local/lib/node_modules/___uglify-js.npm/package',
verbose renamed   '/usr/local/lib/node_modules/uglify-js' ]
verbose caching /usr/local/lib/node_modules/uglify-js/package.json
verbose loadDefaults uglify-js@2.3.6
info preinstall uglify-js@2.3.6
verbose from cache /usr/local/lib/node_modules/uglify-js/package.json
verbose readDependencies: using package.json deps
verbose from cache /usr/local/lib/node_modules/uglify-js/package.json
verbose readDependencies: using package.json deps
verbose cache add [ 'async@~0.2.6', null ]
silly cache add: name, spec, args [ undefined, 'async@~0.2.6', [ 'async@~0.2.6', null ] ]
verbose parsed url { pathname: 'async@~0.2.6',
verbose parsed url   path: 'async@~0.2.6',
verbose parsed url   href: 'async@~0.2.6' }
silly cache add: name, spec, args [ 'async', '~0.2.6', [ 'async', '~0.2.6' ] ]
verbose parsed url { pathname: '~0.2.6', path: '~0.2.6', href: '~0.2.6' }
verbose addNamed [ 'async', '~0.2.6' ]
verbose addNamed [ null, '>=0.2.6- <0.3.0-' ]
silly name, range, hasData [ 'async', '>=0.2.6- <0.3.0-', false ]
verbose cache add [ 'source-map@~0.1.7', null ]
silly cache add: name, spec, args [ undefined, 'source-map@~0.1.7', [ 'source-map@~0.1.7', null ] ]
verbose parsed url { pathname: 'source-map@~0.1.7',
verbose parsed url   path: 'source-map@~0.1.7',
verbose parsed url   href: 'source-map@~0.1.7' }
silly cache add: name, spec, args [ 'source-map', '~0.1.7', [ 'source-map', '~0.1.7' ] ]
verbose parsed url { pathname: '~0.1.7', path: '~0.1.7', href: '~0.1.7' }
verbose addNamed [ 'source-map', '~0.1.7' ]
verbose addNamed [ null, '>=0.1.7- <0.2.0-' ]
silly name, range, hasData [ 'source-map', '>=0.1.7- <0.2.0-', false ]
verbose raw, before any munging async
verbose url resolving [ 'https://registry.npmjs.org/', './async' ]
verbose url resolved https://registry.npmjs.org/async
http GET https://registry.npmjs.org/async
verbose raw, before any munging source-map
verbose url resolving [ 'https://registry.npmjs.org/', './source-map' ]
verbose url resolved https://registry.npmjs.org/source-map
http GET https://registry.npmjs.org/source-map
verbose cache add [ 'optimist@~0.3.5', null ]
silly cache add: name, spec, args [ undefined, 'optimist@~0.3.5', [ 'optimist@~0.3.5', null ] ]
verbose parsed url { pathname: 'optimist@~0.3.5',
verbose parsed url   path: 'optimist@~0.3.5',
verbose parsed url   href: 'optimist@~0.3.5' }
silly cache add: name, spec, args [ 'optimist', '~0.3.5', [ 'optimist', '~0.3.5' ] ]
verbose parsed url { pathname: '~0.3.5', path: '~0.3.5', href: '~0.3.5' }
verbose addNamed [ 'optimist', '~0.3.5' ]
verbose addNamed [ null, '>=0.3.5- <0.4.0-' ]
silly name, range, hasData [ 'optimist', '>=0.3.5- <0.4.0-', false ]
verbose raw, before any munging optimist
verbose url resolving [ 'https://registry.npmjs.org/', './optimist' ]
verbose url resolved https://registry.npmjs.org/optimist
http GET https://registry.npmjs.org/optimist
silly afterUntar ok
silly asyncMap in gTP /usr/local/lib/node_modules/___connect.npm/package
silly asyncMap in gTP /usr/local/lib/node_modules/___connect.npm/package/index.js
silly asyncMap in gTP /usr/local/lib/node_modules/___connect.npm/package/.npmignore
silly asyncMap in gTP /usr/local/lib/node_modules/___connect.npm/package/package.json
silly asyncMap in gTP /usr/local/lib/node_modules/___connect.npm/package/.travis.yml
silly asyncMap in gTP /usr/local/lib/node_modules/___connect.npm/package/LICENSE
silly asyncMap in gTP /usr/local/lib/node_modules/___connect.npm/package/test.js
silly asyncMap in gTP /usr/local/lib/node_modules/___connect.npm/package/lib
silly asyncMap in gTP /usr/local/lib/node_modules/___connect.npm/package/lib/index.js
silly asyncMap in gTP /usr/local/lib/node_modules/___connect.npm/package/lib/utils.js
silly asyncMap in gTP /usr/local/lib/node_modules/___connect.npm/package/lib/proto.js
silly asyncMap in gTP /usr/local/lib/node_modules/___connect.npm/package/lib/cache.js
silly asyncMap in gTP /usr/local/lib/node_modules/___connect.npm/package/lib/patch.js
silly asyncMap in gTP /usr/local/lib/node_modules/___connect.npm/package/lib/connect.js
silly asyncMap in gTP /usr/local/lib/node_modules/___connect.npm/package/lib/middleware
silly asyncMap in gTP /usr/local/lib/node_modules/___connect.npm/package/lib/middleware/static.js
silly asyncMap in gTP /usr/local/lib/node_modules/___connect.npm/package/lib/middleware/logger.js
silly asyncMap in gTP /usr/local/lib/node_modules/___connect.npm/package/lib/middleware/urlencoded.js
silly asyncMap in gTP /usr/local/lib/node_modules/___connect.npm/package/lib/middleware/directory.js
silly asyncMap in gTP /usr/local/lib/node_modules/___connect.npm/package/lib/middleware/multipart.js
silly asyncMap in gTP /usr/local/lib/node_modules/___connect.npm/package/lib/middleware/bodyParser.js
silly asyncMap in gTP /usr/local/lib/node_modules/___connect.npm/package/lib/middleware/limit.js
silly asyncMap in gTP /usr/local/lib/node_modules/___connect.npm/package/lib/middleware/cookieSession.js
silly asyncMap in gTP /usr/local/lib/node_modules/___connect.npm/package/lib/middleware/compress.js
silly asyncMap in gTP /usr/local/lib/node_modules/___connect.npm/package/lib/middleware/errorHandler.js
silly asyncMap in gTP /usr/local/lib/node_modules/___connect.npm/package/lib/middleware/timeout.js
silly asyncMap in gTP /usr/local/lib/node_modules/___connect.npm/package/lib/middleware/responseTime.js
silly asyncMap in gTP /usr/local/lib/node_modules/___connect.npm/package/lib/middleware/json.js
silly asyncMap in gTP /usr/local/lib/node_modules/___connect.npm/package/lib/middleware/vhost.js
silly asyncMap in gTP /usr/local/lib/node_modules/___connect.npm/package/lib/middleware/csrf.js
silly asyncMap in gTP /usr/local/lib/node_modules/___connect.npm/package/lib/middleware/methodOverride.js
silly asyncMap in gTP /usr/local/lib/node_modules/___connect.npm/package/lib/middleware/basicAuth.js
silly asyncMap in gTP /usr/local/lib/node_modules/___connect.npm/package/lib/middleware/cookieParser.js
silly asyncMap in gTP /usr/local/lib/node_modules/___connect.npm/package/lib/middleware/favicon.js
silly asyncMap in gTP /usr/local/lib/node_modules/___connect.npm/package/lib/middleware/staticCache.js
silly asyncMap in gTP /usr/local/lib/node_modules/___connect.npm/package/lib/middleware/session.js
silly asyncMap in gTP /usr/local/lib/node_modules/___connect.npm/package/lib/middleware/query.js
silly asyncMap in gTP /usr/local/lib/node_modules/___connect.npm/package/lib/middleware/session
silly asyncMap in gTP /usr/local/lib/node_modules/___connect.npm/package/lib/middleware/session/cookie.js
silly asyncMap in gTP /usr/local/lib/node_modules/___connect.npm/package/lib/middleware/session/store.js
silly asyncMap in gTP /usr/local/lib/node_modules/___connect.npm/package/lib/middleware/session/memory.js
silly asyncMap in gTP /usr/local/lib/node_modules/___connect.npm/package/lib/middleware/session/session.js
silly asyncMap in gTP /usr/local/lib/node_modules/___connect.npm/package/lib/public
silly asyncMap in gTP /usr/local/lib/node_modules/___connect.npm/package/lib/public/favicon.ico
silly asyncMap in gTP /usr/local/lib/node_modules/___connect.npm/package/lib/public/style.css
silly asyncMap in gTP /usr/local/lib/node_modules/___connect.npm/package/lib/public/directory.html
silly asyncMap in gTP /usr/local/lib/node_modules/___connect.npm/package/lib/public/error.html
silly asyncMap in gTP /usr/local/lib/node_modules/___connect.npm/package/lib/public/icons
silly asyncMap in gTP /usr/local/lib/node_modules/___connect.npm/package/lib/public/icons/page_white_actionscript.png
silly asyncMap in gTP /usr/local/lib/node_modules/___connect.npm/package/lib/public/icons/page_white_acrobat.png
silly asyncMap in gTP /usr/local/lib/node_modules/___connect.npm/package/lib/public/icons/page_white_wrench.png
silly asyncMap in gTP /usr/local/lib/node_modules/___connect.npm/package/lib/public/icons/page_copy.png
silly asyncMap in gTP /usr/local/lib/node_modules/___connect.npm/package/lib/public/icons/page_green.png
silly asyncMap in gTP /usr/local/lib/node_modules/___connect.npm/package/lib/public/icons/page_white_go.png
silly asyncMap in gTP /usr/local/lib/node_modules/___connect.npm/package/lib/public/icons/page_refresh.png
silly asyncMap in gTP /usr/local/lib/node_modules/___connect.npm/package/lib/public/icons/page_go.png
silly asyncMap in gTP /usr/local/lib/node_modules/___connect.npm/package/lib/public/icons/page_excel.png
silly asyncMap in gTP /usr/local/lib/node_modules/___connect.npm/package/lib/public/icons/page_white_code.png
silly asyncMap in gTP /usr/local/lib/node_modules/___connect.npm/package/lib/public/icons/page_attach.png
silly asyncMap in gTP /usr/local/lib/node_modules/___connect.npm/package/lib/public/icons/page_white_ruby.png
silly asyncMap in gTP /usr/local/lib/node_modules/___connect.npm/package/lib/public/icons/page_white_database.png
silly asyncMap in gTP /usr/local/lib/node_modules/___connect.npm/package/lib/public/icons/page_white_gear.png
silly asyncMap in gTP /usr/local/lib/node_modules/___connect.npm/package/lib/public/icons/page_white_add.png
silly asyncMap in gTP /usr/local/lib/node_modules/___connect.npm/package/lib/public/icons/page_red.png
silly asyncMap in gTP /usr/local/lib/node_modules/___connect.npm/package/lib/public/icons/page_white_put.png
silly asyncMap in gTP /usr/local/lib/node_modules/___connect.npm/package/lib/public/icons/page_white_picture.png
silly asyncMap in gTP /usr/local/lib/node_modules/___connect.npm/package/lib/public/icons/page_white_medal.png
silly asyncMap in gTP /usr/local/lib/node_modules/___connect.npm/package/lib/public/icons/page_link.png
silly asyncMap in gTP /usr/local/lib/node_modules/___connect.npm/package/lib/public/icons/page_white_freehand.png
silly asyncMap in gTP /usr/local/lib/node_modules/___connect.npm/package/lib/public/icons/page_white_text.png
silly asyncMap in gTP /usr/local/lib/node_modules/___connect.npm/package/lib/public/icons/page_white_world.png
silly asyncMap in gTP /usr/local/lib/node_modules/___connect.npm/package/lib/public/icons/page_save.png
silly asyncMap in gTP /usr/local/lib/node_modules/___connect.npm/package/lib/public/icons/page_white_paste.png
silly asyncMap in gTP /usr/local/lib/node_modules/___connect.npm/package/lib/public/icons/page_white_camera.png
silly asyncMap in gTP /usr/local/lib/node_modules/___connect.npm/package/lib/public/icons/page_white_cplusplus.png
silly asyncMap in gTP /usr/local/lib/node_modules/___connect.npm/package/lib/public/icons/page_white_magnify.png
silly asyncMap in gTP /usr/local/lib/node_modules/___connect.npm/package/lib/public/icons/page_white_excel.png
silly asyncMap in gTP /usr/local/lib/node_modules/___connect.npm/package/lib/public/icons/page_white_error.png
silly asyncMap in gTP /usr/local/lib/node_modules/___connect.npm/package/lib/public/icons/page_white_php.png
silly asyncMap in gTP /usr/local/lib/node_modules/___connect.npm/package/lib/public/icons/page_white_link.png
silly asyncMap in gTP /usr/local/lib/node_modules/___connect.npm/package/lib/public/icons/page_word.png
silly asyncMap in gTP /usr/local/lib/node_modules/___connect.npm/package/lib/public/icons/page_add.png
silly asyncMap in gTP /usr/local/lib/node_modules/___connect.npm/package/lib/public/icons/page_white_cup.png
silly asyncMap in gTP /usr/local/lib/node_modules/___connect.npm/package/lib/public/icons/page_white_office.png
silly asyncMap in gTP /usr/local/lib/node_modules/___connect.npm/package/lib/public/icons/page_white_swoosh.png
silly asyncMap in gTP /usr/local/lib/node_modules/___connect.npm/package/lib/public/icons/page_white_visualstudio.png
silly asyncMap in gTP /usr/local/lib/node_modules/___connect.npm/package/lib/public/icons/page_error.png
silly asyncMap in gTP /usr/local/lib/node_modules/___connect.npm/package/lib/public/icons/page_white_vector.png
silly asyncMap in gTP /usr/local/lib/node_modules/___connect.npm/package/lib/public/icons/page_lightning.png
silly asyncMap in gTP /usr/local/lib/node_modules/___connect.npm/package/lib/public/icons/page_white_dvd.png
silly asyncMap in gTP /usr/local/lib/node_modules/___connect.npm/package/lib/public/icons/page_white_copy.png
silly asyncMap in gTP /usr/local/lib/node_modules/___connect.npm/package/lib/public/icons/page_white_paintbrush.png
silly asyncMap in gTP /usr/local/lib/node_modules/___connect.npm/package/lib/public/icons/page_white_width.png
silly asyncMap in gTP /usr/local/lib/node_modules/___connect.npm/package/lib/public/icons/page_white_key.png
silly asyncMap in gTP /usr/local/lib/node_modules/___connect.npm/package/lib/public/icons/page_find.png
silly asyncMap in gTP /usr/local/lib/node_modules/___connect.npm/package/lib/public/icons/page_paintbrush.png
silly asyncMap in gTP /usr/local/lib/node_modules/___connect.npm/package/lib/public/icons/page_white_edit.png
silly asyncMap in gTP /usr/local/lib/node_modules/___connect.npm/package/lib/public/icons/page_delete.png
silly asyncMap in gTP /usr/local/lib/node_modules/___connect.npm/package/lib/public/icons/page.png
silly asyncMap in gTP /usr/local/lib/node_modules/___connect.npm/package/lib/public/icons/page_white_tux.png
silly asyncMap in gTP /usr/local/lib/node_modules/___connect.npm/package/lib/public/icons/page_white_powerpoint.png
silly asyncMap in gTP /usr/local/lib/node_modules/___connect.npm/package/lib/public/icons/page_white_c.png
silly asyncMap in gTP /usr/local/lib/node_modules/___connect.npm/package/lib/public/icons/page_white_compressed.png
silly asyncMap in gTP /usr/local/lib/node_modules/___connect.npm/package/lib/public/icons/page_white_h.png
silly asyncMap in gTP /usr/local/lib/node_modules/___connect.npm/package/lib/public/icons/page_white_get.png
silly asyncMap in gTP /usr/local/lib/node_modules/___connect.npm/package/lib/public/icons/page_code.png
silly asyncMap in gTP /usr/local/lib/node_modules/___connect.npm/package/lib/public/icons/page_edit.png
silly asyncMap in gTP /usr/local/lib/node_modules/___connect.npm/package/lib/public/icons/page_white_flash.png
silly asyncMap in gTP /usr/local/lib/node_modules/___connect.npm/package/lib/public/icons/page_white_code_red.png
silly asyncMap in gTP /usr/local/lib/node_modules/___connect.npm/package/lib/public/icons/page_white_paint.png
silly asyncMap in gTP /usr/local/lib/node_modules/___connect.npm/package/lib/public/icons/page_white_text_width.png
silly asyncMap in gTP /usr/local/lib/node_modules/___connect.npm/package/lib/public/icons/page_white_zip.png
silly asyncMap in gTP /usr/local/lib/node_modules/___connect.npm/package/lib/public/icons/page_white_word.png
silly asyncMap in gTP /usr/local/lib/node_modules/___connect.npm/package/lib/public/icons/page_world.png
silly asyncMap in gTP /usr/local/lib/node_modules/___connect.npm/package/lib/public/icons/page_white_csharp.png
silly asyncMap in gTP /usr/local/lib/node_modules/___connect.npm/package/lib/public/icons/page_white_find.png
silly asyncMap in gTP /usr/local/lib/node_modules/___connect.npm/package/lib/public/icons/page_white_cd.png
silly asyncMap in gTP /usr/local/lib/node_modules/___connect.npm/package/lib/public/icons/page_white_stack.png
silly asyncMap in gTP /usr/local/lib/node_modules/___connect.npm/package/lib/public/icons/page_key.png
silly asyncMap in gTP /usr/local/lib/node_modules/___connect.npm/package/lib/public/icons/page_white_lightning.png
silly asyncMap in gTP /usr/local/lib/node_modules/___connect.npm/package/lib/public/icons/page_paste.png
silly asyncMap in gTP /usr/local/lib/node_modules/___connect.npm/package/lib/public/icons/page_white_delete.png
silly asyncMap in gTP /usr/local/lib/node_modules/___connect.npm/package/lib/public/icons/page_gear.png
silly asyncMap in gTP /usr/local/lib/node_modules/___connect.npm/package/lib/public/icons/page_white_star.png
silly asyncMap in gTP /usr/local/lib/node_modules/___connect.npm/package/lib/public/icons/page_white_coldfusion.png
silly asyncMap in gTP /usr/local/lib/node_modules/___connect.npm/package/lib/public/icons/page_white_horizontal.png
silly asyncMap in gTP /usr/local/lib/node_modules/___connect.npm/package/lib/public/icons/page_white.png
verbose gunzed /usr/local/lib/node_modules/___connect.npm/package
verbose rm'ed /usr/local/lib/node_modules/connect
verbose renamed [ '/usr/local/lib/node_modules/___connect.npm/package',
verbose renamed   '/usr/local/lib/node_modules/connect' ]
verbose caching /usr/local/lib/node_modules/connect/package.json
verbose loadDefaults connect@2.7.8
info preinstall connect@2.7.8
verbose from cache /usr/local/lib/node_modules/connect/package.json
verbose readDependencies: using package.json deps
verbose from cache /usr/local/lib/node_modules/connect/package.json
verbose readDependencies: using package.json deps
verbose cache add [ 'qs@0.6.3', null ]
silly cache add: name, spec, args [ undefined, 'qs@0.6.3', [ 'qs@0.6.3', null ] ]
verbose parsed url { pathname: 'qs@0.6.3', path: 'qs@0.6.3', href: 'qs@0.6.3' }
silly cache add: name, spec, args [ 'qs', '0.6.3', [ 'qs', '0.6.3' ] ]
verbose parsed url { pathname: '0.6.3', path: '0.6.3', href: '0.6.3' }
verbose addNamed [ 'qs', '0.6.3' ]
verbose addNamed [ '0.6.3', '0.6.3' ]
verbose cache add [ 'formidable@1.0.13', null ]
silly cache add: name, spec, args [ undefined, 'formidable@1.0.13', [ 'formidable@1.0.13', null ] ]
verbose parsed url { pathname: 'formidable@1.0.13',
verbose parsed url   path: 'formidable@1.0.13',
verbose parsed url   href: 'formidable@1.0.13' }
silly cache add: name, spec, args [ 'formidable', '1.0.13', [ 'formidable', '1.0.13' ] ]
verbose parsed url { pathname: '1.0.13', path: '1.0.13', href: '1.0.13' }
verbose addNamed [ 'formidable', '1.0.13' ]
verbose addNamed [ '1.0.13', '1.0.13' ]
verbose raw, before any munging qs/0.6.3
verbose url resolving [ 'https://registry.npmjs.org/', './qs/0.6.3' ]
verbose url resolved https://registry.npmjs.org/qs/0.6.3
http GET https://registry.npmjs.org/qs/0.6.3
verbose raw, before any munging formidable/1.0.13
verbose url resolving [ 'https://registry.npmjs.org/', './formidable/1.0.13' ]
verbose url resolved https://registry.npmjs.org/formidable/1.0.13
http GET https://registry.npmjs.org/formidable/1.0.13
verbose cache add [ 'cookie-signature@1.0.1', null ]
silly cache add: name, spec, args [ undefined,
silly cache add: name, spec, args   'cookie-signature@1.0.1',
silly cache add: name, spec, args   [ 'cookie-signature@1.0.1', null ] ]
verbose parsed url { pathname: 'cookie-signature@1.0.1',
verbose parsed url   path: 'cookie-signature@1.0.1',
verbose parsed url   href: 'cookie-signature@1.0.1' }
silly cache add: name, spec, args [ 'cookie-signature', '1.0.1', [ 'cookie-signature', '1.0.1' ] ]
verbose parsed url { pathname: '1.0.1', path: '1.0.1', href: '1.0.1' }
verbose addNamed [ 'cookie-signature', '1.0.1' ]
verbose addNamed [ '1.0.1', '1.0.1' ]
verbose raw, before any munging cookie-signature/1.0.1
verbose url resolving [ 'https://registry.npmjs.org/', './cookie-signature/1.0.1' ]
verbose url resolved https://registry.npmjs.org/cookie-signature/1.0.1
http GET https://registry.npmjs.org/cookie-signature/1.0.1
verbose cache add [ 'buffer-crc32@0.2.1', null ]
silly cache add: name, spec, args [ undefined,
silly cache add: name, spec, args   'buffer-crc32@0.2.1',
silly cache add: name, spec, args   [ 'buffer-crc32@0.2.1', null ] ]
verbose parsed url { pathname: 'buffer-crc32@0.2.1',
verbose parsed url   path: 'buffer-crc32@0.2.1',
verbose parsed url   href: 'buffer-crc32@0.2.1' }
silly cache add: name, spec, args [ 'buffer-crc32', '0.2.1', [ 'buffer-crc32', '0.2.1' ] ]
verbose parsed url { pathname: '0.2.1', path: '0.2.1', href: '0.2.1' }
verbose addNamed [ 'buffer-crc32', '0.2.1' ]
verbose addNamed [ '0.2.1', '0.2.1' ]
verbose raw, before any munging buffer-crc32/0.2.1
verbose url resolving [ 'https://registry.npmjs.org/', './buffer-crc32/0.2.1' ]
verbose url resolved https://registry.npmjs.org/buffer-crc32/0.2.1
http GET https://registry.npmjs.org/buffer-crc32/0.2.1
verbose cache add [ 'cookie@0.0.5', null ]
silly cache add: name, spec, args [ undefined, 'cookie@0.0.5', [ 'cookie@0.0.5', null ] ]
verbose parsed url { pathname: 'cookie@0.0.5',
verbose parsed url   path: 'cookie@0.0.5',
verbose parsed url   href: 'cookie@0.0.5' }
silly cache add: name, spec, args [ 'cookie', '0.0.5', [ 'cookie', '0.0.5' ] ]
verbose parsed url { pathname: '0.0.5', path: '0.0.5', href: '0.0.5' }
verbose addNamed [ 'cookie', '0.0.5' ]
verbose addNamed [ '0.0.5', '0.0.5' ]
verbose raw, before any munging cookie/0.0.5
verbose url resolving [ 'https://registry.npmjs.org/', './cookie/0.0.5' ]
verbose url resolved https://registry.npmjs.org/cookie/0.0.5
http GET https://registry.npmjs.org/cookie/0.0.5
verbose cache add [ 'send@0.1.0', null ]
silly cache add: name, spec, args [ undefined, 'send@0.1.0', [ 'send@0.1.0', null ] ]
verbose parsed url { pathname: 'send@0.1.0',
verbose parsed url   path: 'send@0.1.0',
verbose parsed url   href: 'send@0.1.0' }
silly cache add: name, spec, args [ 'send', '0.1.0', [ 'send', '0.1.0' ] ]
verbose parsed url { pathname: '0.1.0', path: '0.1.0', href: '0.1.0' }
verbose addNamed [ 'send', '0.1.0' ]
verbose addNamed [ '0.1.0', '0.1.0' ]
verbose raw, before any munging send/0.1.0
verbose url resolving [ 'https://registry.npmjs.org/', './send/0.1.0' ]
verbose url resolved https://registry.npmjs.org/send/0.1.0
http GET https://registry.npmjs.org/send/0.1.0
verbose cache add [ 'bytes@0.2.0', null ]
silly cache add: name, spec, args [ undefined, 'bytes@0.2.0', [ 'bytes@0.2.0', null ] ]
verbose parsed url { pathname: 'bytes@0.2.0',
verbose parsed url   path: 'bytes@0.2.0',
verbose parsed url   href: 'bytes@0.2.0' }
silly cache add: name, spec, args [ 'bytes', '0.2.0', [ 'bytes', '0.2.0' ] ]
verbose parsed url { pathname: '0.2.0', path: '0.2.0', href: '0.2.0' }
verbose addNamed [ 'bytes', '0.2.0' ]
verbose addNamed [ '0.2.0', '0.2.0' ]
verbose raw, before any munging bytes/0.2.0
verbose url resolving [ 'https://registry.npmjs.org/', './bytes/0.2.0' ]
verbose url resolved https://registry.npmjs.org/bytes/0.2.0
http GET https://registry.npmjs.org/bytes/0.2.0
verbose cache add [ 'fresh@0.1.0', null ]
silly cache add: name, spec, args [ undefined, 'fresh@0.1.0', [ 'fresh@0.1.0', null ] ]
verbose parsed url { pathname: 'fresh@0.1.0',
verbose parsed url   path: 'fresh@0.1.0',
verbose parsed url   href: 'fresh@0.1.0' }
silly cache add: name, spec, args [ 'fresh', '0.1.0', [ 'fresh', '0.1.0' ] ]
verbose parsed url { pathname: '0.1.0', path: '0.1.0', href: '0.1.0' }
verbose addNamed [ 'fresh', '0.1.0' ]
verbose addNamed [ '0.1.0', '0.1.0' ]
verbose raw, before any munging fresh/0.1.0
verbose url resolving [ 'https://registry.npmjs.org/', './fresh/0.1.0' ]
verbose url resolved https://registry.npmjs.org/fresh/0.1.0
http GET https://registry.npmjs.org/fresh/0.1.0
verbose cache add [ 'pause@0.0.1', null ]
silly cache add: name, spec, args [ undefined, 'pause@0.0.1', [ 'pause@0.0.1', null ] ]
verbose parsed url { pathname: 'pause@0.0.1',
verbose parsed url   path: 'pause@0.0.1',
verbose parsed url   href: 'pause@0.0.1' }
silly cache add: name, spec, args [ 'pause', '0.0.1', [ 'pause', '0.0.1' ] ]
verbose parsed url { pathname: '0.0.1', path: '0.0.1', href: '0.0.1' }
verbose addNamed [ 'pause', '0.0.1' ]
verbose addNamed [ '0.0.1', '0.0.1' ]
verbose cache add [ 'debug@*', null ]
silly cache add: name, spec, args [ undefined, 'debug@*', [ 'debug@*', null ] ]
verbose parsed url { pathname: 'debug@*', path: 'debug@*', href: 'debug@*' }
silly cache add: name, spec, args [ 'debug', '*', [ 'debug', '*' ] ]
verbose parsed url { pathname: '*', path: '*', href: '*' }
verbose addNamed [ 'debug', '*' ]
verbose addNamed [ null, '' ]
silly name, range, hasData [ 'debug', '', false ]
verbose raw, before any munging pause/0.0.1
verbose url resolving [ 'https://registry.npmjs.org/', './pause/0.0.1' ]
verbose url resolved https://registry.npmjs.org/pause/0.0.1
http GET https://registry.npmjs.org/pause/0.0.1
verbose raw, before any munging debug
verbose url resolving [ 'https://registry.npmjs.org/', './debug' ]
verbose url resolved https://registry.npmjs.org/debug
http GET https://registry.npmjs.org/debug
silly afterUntar ok
silly asyncMap in gTP /usr/local/lib/node_modules/___jshint.npm/package
silly asyncMap in gTP /usr/local/lib/node_modules/___jshint.npm/package/CONTRIBUTING.md
silly asyncMap in gTP /usr/local/lib/node_modules/___jshint.npm/package/demo.js
silly asyncMap in gTP /usr/local/lib/node_modules/___jshint.npm/package/.npmignore
silly asyncMap in gTP /usr/local/lib/node_modules/___jshint.npm/package/package.json
silly asyncMap in gTP /usr/local/lib/node_modules/___jshint.npm/package/LICENSE
silly asyncMap in gTP /usr/local/lib/node_modules/___jshint.npm/package/jshint.json
silly asyncMap in gTP /usr/local/lib/node_modules/___jshint.npm/package/README.md
silly asyncMap in gTP /usr/local/lib/node_modules/___jshint.npm/package/bin
silly asyncMap in gTP /usr/local/lib/node_modules/___jshint.npm/package/bin/jshint
silly asyncMap in gTP /usr/local/lib/node_modules/___jshint.npm/package/dist
silly asyncMap in gTP /usr/local/lib/node_modules/___jshint.npm/package/dist/jshint-2.0.0.js
silly asyncMap in gTP /usr/local/lib/node_modules/___jshint.npm/package/dist/jshint-rhino-2.0.0.js
silly asyncMap in gTP /usr/local/lib/node_modules/___jshint.npm/package/dist/jshint-rhino-1.0.0.js
silly asyncMap in gTP /usr/local/lib/node_modules/___jshint.npm/package/dist/jshint-1.1.0.js
silly asyncMap in gTP /usr/local/lib/node_modules/___jshint.npm/package/dist/jshint-1.0.0.js
silly asyncMap in gTP /usr/local/lib/node_modules/___jshint.npm/package/dist/jshint-2.1.0.js
silly asyncMap in gTP /usr/local/lib/node_modules/___jshint.npm/package/dist/jshint-rhino.js
silly asyncMap in gTP /usr/local/lib/node_modules/___jshint.npm/package/dist/jshint-rhino-2.1.0.js
silly asyncMap in gTP /usr/local/lib/node_modules/___jshint.npm/package/dist/jshint-rhino-1.1.0.js
silly asyncMap in gTP /usr/local/lib/node_modules/___jshint.npm/package/dist/jshint.js
silly asyncMap in gTP /usr/local/lib/node_modules/___jshint.npm/package/src
silly asyncMap in gTP /usr/local/lib/node_modules/___jshint.npm/package/src/reporters
silly asyncMap in gTP /usr/local/lib/node_modules/___jshint.npm/package/src/reporters/checkstyle.js
silly asyncMap in gTP /usr/local/lib/node_modules/___jshint.npm/package/src/reporters/jslint_xml.js
silly asyncMap in gTP /usr/local/lib/node_modules/___jshint.npm/package/src/reporters/default.js
silly asyncMap in gTP /usr/local/lib/node_modules/___jshint.npm/package/src/reporters/non_error.js
silly asyncMap in gTP /usr/local/lib/node_modules/___jshint.npm/package/src/platforms
silly asyncMap in gTP /usr/local/lib/node_modules/___jshint.npm/package/src/platforms/rhino.js
silly asyncMap in gTP /usr/local/lib/node_modules/___jshint.npm/package/src/shared
silly asyncMap in gTP /usr/local/lib/node_modules/___jshint.npm/package/src/shared/vars.js
silly asyncMap in gTP /usr/local/lib/node_modules/___jshint.npm/package/src/shared/messages.js
silly asyncMap in gTP /usr/local/lib/node_modules/___jshint.npm/package/src/stable
silly asyncMap in gTP /usr/local/lib/node_modules/___jshint.npm/package/src/stable/style.js
silly asyncMap in gTP /usr/local/lib/node_modules/___jshint.npm/package/src/stable/state.js
silly asyncMap in gTP /usr/local/lib/node_modules/___jshint.npm/package/src/stable/jshint.js
silly asyncMap in gTP /usr/local/lib/node_modules/___jshint.npm/package/src/stable/lex.js
silly asyncMap in gTP /usr/local/lib/node_modules/___jshint.npm/package/src/stable/reg.js
silly asyncMap in gTP /usr/local/lib/node_modules/___jshint.npm/package/src/cli
silly asyncMap in gTP /usr/local/lib/node_modules/___jshint.npm/package/src/cli/cli.js
verbose gunzed /usr/local/lib/node_modules/___jshint.npm/package
verbose rm'ed /usr/local/lib/node_modules/jshint
verbose renamed [ '/usr/local/lib/node_modules/___jshint.npm/package',
verbose renamed   '/usr/local/lib/node_modules/jshint' ]
verbose caching /usr/local/lib/node_modules/jshint/package.json
verbose loadDefaults jshint@2.1.3
info preinstall jshint@2.1.3
verbose from cache /usr/local/lib/node_modules/jshint/package.json
verbose readDependencies: using package.json deps
verbose from cache /usr/local/lib/node_modules/jshint/package.json
verbose readDependencies: using package.json deps
verbose cache add [ 'shelljs@0.1.x', null ]
silly cache add: name, spec, args [ undefined, 'shelljs@0.1.x', [ 'shelljs@0.1.x', null ] ]
verbose parsed url { pathname: 'shelljs@0.1.x',
verbose parsed url   path: 'shelljs@0.1.x',
verbose parsed url   href: 'shelljs@0.1.x' }
silly cache add: name, spec, args [ 'shelljs', '0.1.x', [ 'shelljs', '0.1.x' ] ]
verbose parsed url { pathname: '0.1.x', path: '0.1.x', href: '0.1.x' }
verbose addNamed [ 'shelljs', '0.1.x' ]
verbose addNamed [ null, '>=0.1.0- <0.2.0-' ]
silly name, range, hasData [ 'shelljs', '>=0.1.0- <0.2.0-', false ]
verbose raw, before any munging shelljs
verbose url resolving [ 'https://registry.npmjs.org/', './shelljs' ]
verbose url resolved https://registry.npmjs.org/shelljs
http GET https://registry.npmjs.org/shelljs
verbose cache add [ 'underscore@1.4.x', null ]
silly cache add: name, spec, args [ undefined, 'underscore@1.4.x', [ 'underscore@1.4.x', null ] ]
verbose parsed url { pathname: 'underscore@1.4.x',
verbose parsed url   path: 'underscore@1.4.x',
verbose parsed url   href: 'underscore@1.4.x' }
silly cache add: name, spec, args [ 'underscore', '1.4.x', [ 'underscore', '1.4.x' ] ]
verbose parsed url { pathname: '1.4.x', path: '1.4.x', href: '1.4.x' }
verbose addNamed [ 'underscore', '1.4.x' ]
verbose addNamed [ null, '>=1.4.0- <1.5.0-' ]
silly name, range, hasData [ 'underscore', '>=1.4.0- <1.5.0-', false ]
verbose cache add [ 'cli@0.4.x', null ]
silly cache add: name, spec, args [ undefined, 'cli@0.4.x', [ 'cli@0.4.x', null ] ]
verbose parsed url { pathname: 'cli@0.4.x', path: 'cli@0.4.x', href: 'cli@0.4.x' }
silly cache add: name, spec, args [ 'cli', '0.4.x', [ 'cli', '0.4.x' ] ]
verbose parsed url { pathname: '0.4.x', path: '0.4.x', href: '0.4.x' }
verbose addNamed [ 'cli', '0.4.x' ]
verbose addNamed [ null, '>=0.4.0- <0.5.0-' ]
silly name, range, hasData [ 'cli', '>=0.4.0- <0.5.0-', false ]
verbose raw, before any munging underscore
verbose url resolving [ 'https://registry.npmjs.org/', './underscore' ]
verbose url resolved https://registry.npmjs.org/underscore
http GET https://registry.npmjs.org/underscore
verbose raw, before any munging cli
verbose url resolving [ 'https://registry.npmjs.org/', './cli' ]
verbose url resolved https://registry.npmjs.org/cli
http GET https://registry.npmjs.org/cli
verbose cache add [ 'minimatch@0.x.x', null ]
silly cache add: name, spec, args [ undefined, 'minimatch@0.x.x', [ 'minimatch@0.x.x', null ] ]
verbose parsed url { pathname: 'minimatch@0.x.x',
verbose parsed url   path: 'minimatch@0.x.x',
verbose parsed url   href: 'minimatch@0.x.x' }
silly cache add: name, spec, args [ 'minimatch', '0.x.x', [ 'minimatch', '0.x.x' ] ]
verbose parsed url { pathname: '0.x.x', path: '0.x.x', href: '0.x.x' }
verbose addNamed [ 'minimatch', '0.x.x' ]
verbose addNamed [ null, '>=0.0.0- <1.0.0-' ]
silly name, range, hasData [ 'minimatch', '>=0.0.0- <1.0.0-', false ]
verbose cache add [ 'console-browserify@0.1.x', null ]
silly cache add: name, spec, args [ undefined,
silly cache add: name, spec, args   'console-browserify@0.1.x',
silly cache add: name, spec, args   [ 'console-browserify@0.1.x', null ] ]
verbose parsed url { pathname: 'console-browserify@0.1.x',
verbose parsed url   path: 'console-browserify@0.1.x',
verbose parsed url   href: 'console-browserify@0.1.x' }
silly cache add: name, spec, args [ 'console-browserify',
silly cache add: name, spec, args   '0.1.x',
silly cache add: name, spec, args   [ 'console-browserify', '0.1.x' ] ]
verbose parsed url { pathname: '0.1.x', path: '0.1.x', href: '0.1.x' }
verbose addNamed [ 'console-browserify', '0.1.x' ]
verbose addNamed [ null, '>=0.1.0- <0.2.0-' ]
silly name, range, hasData [ 'console-browserify', '>=0.1.0- <0.2.0-', false ]
verbose raw, before any munging minimatch
verbose url resolving [ 'https://registry.npmjs.org/', './minimatch' ]
verbose url resolved https://registry.npmjs.org/minimatch
http GET https://registry.npmjs.org/minimatch
verbose raw, before any munging console-browserify
verbose url resolving [ 'https://registry.npmjs.org/', './console-browserify' ]
verbose url resolved https://registry.npmjs.org/console-browserify
http GET https://registry.npmjs.org/console-browserify
http 200 https://registry.npmjs.org/watch
silly get cb [ 200,
silly get cb   { vary: 'Accept',
silly get cb     server: 'CouchDB/1.3.0 (Erlang OTP/R15B03)',
silly get cb     etag: '"8ZXSBLTSVN73CYCQDV38P3ISA"',
silly get cb     date: 'Sun, 16 Jun 2013 13:34:05 GMT',
silly get cb     'content-type': 'application/json',
silly get cb     'content-length': '16674' } ]
verbose mkdir (expected) error ENOENT, stat '/home/lucas/.npm/watch'
verbose mkdir done: /home/lucas/.npm/watch 755
silly name, range, hasData 2 [ 'watch', '>=0.5.1', true ]
silly versions [ 'watch',
silly versions   [ '0.1.0',
silly versions     '0.2.0',
silly versions     '0.2.1',
silly versions     '0.3.0',
silly versions     '0.3.1',
silly versions     '0.3.2',
silly versions     '0.3.3',
silly versions     '0.4.0',
silly versions     '0.5.0',
silly versions     '0.5.1',
silly versions     '0.6.0',
silly versions     '0.7.0' ] ]
verbose bin dist [ '0.6-ares1.9.1-evundefined-openssl1.0.1c-v83.8.9.20-linux-x64-3.8.0-23-generic',
verbose bin dist   { shasum: '3d6e715648af867ec7f1149302b526479e726856',
verbose bin dist     tarball: 'http://registry.npmjs.org/watch/-/watch-0.7.0.tgz' } ]
verbose addRemoteTarball [ 'https://registry.npmjs.org/watch/-/watch-0.7.0.tgz',
verbose addRemoteTarball   '3d6e715648af867ec7f1149302b526479e726856' ]
verbose mkdir (expected) error ENOENT, stat '/tmp/npm-1371389645501'
verbose mkdir (expected) error ENOENT, stat '/tmp/npm-1371389645501/1371389645501-0.5415208744816482'
verbose mkdir done: /tmp/npm-1371389645501/1371389645501-0.5415208744816482 755
verbose fetch to /tmp/npm-1371389645501/1371389645501-0.5415208744816482/tmp.tgz
http GET https://registry.npmjs.org/watch/-/watch-0.7.0.tgz
http 200 https://registry.npmjs.org/colors
silly get cb [ 200,
silly get cb   { vary: 'Accept',
silly get cb     server: 'CouchDB/1.3.0 (Erlang OTP/R15B03)',
silly get cb     etag: '"7KG4AO5CNCS5BWLEHBDV20ESO"',
silly get cb     date: 'Sun, 16 Jun 2013 13:34:05 GMT',
silly get cb     'content-type': 'application/json',
silly get cb     'content-length': '4819' } ]
verbose mkdir (expected) error ENOENT, stat '/home/lucas/.npm/colors'
verbose mkdir done: /home/lucas/.npm/colors 755
silly name, range, hasData 2 [ 'colors', '>=0.3.0', true ]
silly versions [ 'colors', [ '0.3.0', '0.5.0', '0.5.1', '0.6.0', '0.6.0-1' ] ]
verbose bin dist [ '0.6-ares1.9.1-evundefined-openssl1.0.1c-v83.8.9.20-linux-x64-3.8.0-23-generic',
verbose bin dist   { shasum: '6dbb68ceb8bc60f2b313dcc5ce1599f06d19e67a',
verbose bin dist     tarball: 'http://registry.npmjs.org/colors/-/colors-0.6.0-1.tgz' } ]
verbose addRemoteTarball [ 'https://registry.npmjs.org/colors/-/colors-0.6.0-1.tgz',
verbose addRemoteTarball   '6dbb68ceb8bc60f2b313dcc5ce1599f06d19e67a' ]
verbose mkdir (expected) error ENOENT, stat '/tmp/npm-1371389645501/1371389645535-0.6320213633589447'
verbose mkdir done: /tmp/npm-1371389645501/1371389645535-0.6320213633589447 755
verbose fetch to /tmp/npm-1371389645501/1371389645535-0.6320213633589447/tmp.tgz
http GET https://registry.npmjs.org/colors/-/colors-0.6.0-1.tgz
http 200 https://registry.npmjs.org/nopt
silly get cb [ 200,
silly get cb   { vary: 'Accept',
silly get cb     server: 'CouchDB/1.3.0 (Erlang OTP/R15B03)',
silly get cb     etag: '"1UNNSFLRG0P7896N8M8CIF3TB"',
silly get cb     date: 'Sun, 16 Jun 2013 13:34:05 GMT',
silly get cb     'content-type': 'application/json',
silly get cb     'content-length': '38115' } ]
verbose mkdir (expected) error ENOENT, stat '/home/lucas/.npm/nopt'
verbose mkdir done: /home/lucas/.npm/nopt 755
silly name, range, hasData 2 [ 'nopt', '>=1.0.10', true ]
silly versions [ 'nopt',
silly versions   [ '1.0.0',
silly versions     '1.0.1',
silly versions     '1.0.2',
silly versions     '1.0.3',
silly versions     '1.0.4',
silly versions     '1.0.5',
silly versions     '1.0.6',
silly versions     '1.0.7',
silly versions     '1.0.8',
silly versions     '1.0.9',
silly versions     '1.0.10',
silly versions     '2.0.0',
silly versions     '2.1.0',
silly versions     '2.1.1' ] ]
verbose bin dist [ '0.6-ares1.9.1-evundefined-openssl1.0.1c-v83.8.9.20-linux-x64-3.8.0-23-generic',
verbose bin dist   { shasum: '91eb7c4b017e7c00adcad1fd6d63944d0fdb75c1',
verbose bin dist     tarball: 'http://registry.npmjs.org/nopt/-/nopt-2.1.1.tgz' } ]
verbose addRemoteTarball [ 'https://registry.npmjs.org/nopt/-/nopt-2.1.1.tgz',
verbose addRemoteTarball   '91eb7c4b017e7c00adcad1fd6d63944d0fdb75c1' ]
verbose mkdir (expected) error ENOENT, stat '/tmp/npm-1371389645501/1371389645699-0.3499686655122787'
verbose mkdir done: /tmp/npm-1371389645501/1371389645699-0.3499686655122787 755
verbose fetch to /tmp/npm-1371389645501/1371389645699-0.3499686655122787/tmp.tgz
http GET https://registry.npmjs.org/nopt/-/nopt-2.1.1.tgz
http 200 https://registry.npmjs.org/less
silly get cb [ 200,
silly get cb   { vary: 'Accept',
silly get cb     server: 'CouchDB/1.3.0 (Erlang OTP/R15B03)',
silly get cb     etag: '"2D6CYIT9CSP3KNN0CEEC3DSAP"',
silly get cb     date: 'Sun, 16 Jun 2013 13:34:05 GMT',
silly get cb     'content-type': 'application/json',
silly get cb     'content-length': '38692' } ]
verbose mkdir (expected) error ENOENT, stat '/home/lucas/.npm/less'
verbose mkdir done: /home/lucas/.npm/less 755
silly name, range, hasData 2 [ 'less', '>=1.3.0- <1.4.0-', true ]
silly versions [ 'less',
silly versions   [ '1.0.10',
silly versions     '1.0.11',
silly versions     '1.0.14',
silly versions     '1.0.18',
silly versions     '1.0.19',
silly versions     '1.0.21',
silly versions     '1.0.32',
silly versions     '1.0.36',
silly versions     '1.0.5',
silly versions     '1.0.40',
silly versions     '1.0.41',
silly versions     '1.0.44',
silly versions     '1.1.0',
silly versions     '1.1.1',
silly versions     '1.1.2',
silly versions     '1.1.4',
silly versions     '1.1.5',
silly versions     '1.1.6',
silly versions     '1.2.0',
silly versions     '1.2.1',
silly versions     '1.2.2',
silly versions     '1.3.0',
silly versions     '1.3.1',
silly versions     '1.3.2',
silly versions     '1.3.3',
silly versions     '1.4.0-b1',
silly versions     '1.4.0-b2',
silly versions     '1.4.0-b3',
silly versions     '1.4.0-b4',
silly versions     '1.4.0' ] ]
verbose bin dist [ '0.6-ares1.9.1-evundefined-openssl1.0.1c-v83.8.9.20-linux-x64-3.8.0-23-generic',
verbose bin dist   { shasum: '7ee8f300a41080f3544c80c7a70cdf6a61280cf9',
verbose bin dist     tarball: 'http://registry.npmjs.org/less/-/less-1.3.3.tgz' } ]
verbose addRemoteTarball [ 'https://registry.npmjs.org/less/-/less-1.3.3.tgz',
verbose addRemoteTarball   '7ee8f300a41080f3544c80c7a70cdf6a61280cf9' ]
verbose mkdir (expected) error ENOENT, stat '/tmp/npm-1371389645501/1371389645755-0.542159270728007'
verbose mkdir done: /tmp/npm-1371389645501/1371389645755-0.542159270728007 755
verbose fetch to /tmp/npm-1371389645501/1371389645755-0.542159270728007/tmp.tgz
http GET https://registry.npmjs.org/less/-/less-1.3.3.tgz
http 200 https://registry.npmjs.org/underscore
silly get cb [ 200,
silly get cb   { vary: 'Accept',
silly get cb     server: 'CouchDB/1.3.0 (Erlang OTP/R15B03)',
silly get cb     etag: '"B8MDT3CM9X0J04Y9UCDU5C3RM"',
silly get cb     date: 'Sun, 16 Jun 2013 13:34:05 GMT',
silly get cb     'content-type': 'application/json',
silly get cb     'content-length': '36080' } ]
verbose mkdir (expected) error ENOENT, stat '/home/lucas/.npm/underscore'
verbose mkdir done: /home/lucas/.npm/underscore 755
silly name, range, hasData 2 [ 'underscore', '>=1.2.1', true ]
silly versions [ 'underscore',
silly versions   [ '1.0.3',
silly versions     '1.0.4',
silly versions     '1.1.0',
silly versions     '1.1.1',
silly versions     '1.1.2',
silly versions     '1.1.3',
silly versions     '1.1.4',
silly versions     '1.1.5',
silly versions     '1.1.6',
silly versions     '1.1.7',
silly versions     '1.2.0',
silly versions     '1.2.1',
silly versions     '1.2.2',
silly versions     '1.2.3',
silly versions     '1.2.4',
silly versions     '1.3.0',
silly versions     '1.3.1',
silly versions     '1.3.2',
silly versions     '1.3.3',
silly versions     '1.4.0',
silly versions     '1.4.1',
silly versions     '1.4.2',
silly versions     '1.4.3',
silly versions     '1.4.4' ] ]
verbose bin dist [ '0.6-ares1.9.1-evundefined-openssl1.0.1c-v83.8.9.20-linux-x64-3.8.0-23-generic',
verbose bin dist   { shasum: '61a6a32010622afa07963bf325203cf12239d604',
verbose bin dist     tarball: 'http://registry.npmjs.org/underscore/-/underscore-1.4.4.tgz' } ]
verbose addRemoteTarball [ 'https://registry.npmjs.org/underscore/-/underscore-1.4.4.tgz',
verbose addRemoteTarball   '61a6a32010622afa07963bf325203cf12239d604' ]
verbose mkdir (expected) error ENOENT, stat '/tmp/npm-1371389645501/1371389645796-0.13940823753364384'
verbose mkdir done: /tmp/npm-1371389645501/1371389645796-0.13940823753364384 755
verbose fetch to /tmp/npm-1371389645501/1371389645796-0.13940823753364384/tmp.tgz
http GET https://registry.npmjs.org/underscore/-/underscore-1.4.4.tgz
http 200 https://registry.npmjs.org/qs/0.6.3
silly get cb [ 200,
silly get cb   { vary: 'Accept',
silly get cb     server: 'CouchDB/1.3.0 (Erlang OTP/R15B03)',
silly get cb     etag: '"43HP613FR3ZE0M9ZCU3LVEJE9"',
silly get cb     date: 'Sun, 16 Jun 2013 13:34:05 GMT',
silly get cb     'content-type': 'application/json',
silly get cb     'content-length': '2756' } ]
verbose mkdir (expected) error ENOENT, stat '/home/lucas/.npm/qs'
verbose mkdir (expected) error ENOENT, stat '/home/lucas/.npm/qs/0.6.3'
verbose mkdir done: /home/lucas/.npm/qs/0.6.3 755
verbose bin dist [ '0.6-ares1.9.1-evundefined-openssl1.0.1c-v83.8.9.20-linux-x64-3.8.0-23-generic',
verbose bin dist   { shasum: 'a2a5ae9baa5d720d0f8cd0ca6bfad31398e33e99',
verbose bin dist     tarball: 'http://registry.npmjs.org/qs/-/qs-0.6.3.tgz' } ]
verbose addRemoteTarball [ 'https://registry.npmjs.org/qs/-/qs-0.6.3.tgz',
verbose addRemoteTarball   'a2a5ae9baa5d720d0f8cd0ca6bfad31398e33e99' ]
verbose mkdir (expected) error ENOENT, stat '/tmp/npm-1371389645501/1371389646185-0.3705896781757474'
verbose mkdir done: /tmp/npm-1371389645501/1371389646185-0.3705896781757474 755
verbose fetch to /tmp/npm-1371389645501/1371389646185-0.3705896781757474/tmp.tgz
http GET https://registry.npmjs.org/qs/-/qs-0.6.3.tgz
http 200 https://registry.npmjs.org/formidable/1.0.13
silly get cb [ 200,
silly get cb   { vary: 'Accept',
silly get cb     server: 'CouchDB/1.3.0 (Erlang OTP/R15B03)',
silly get cb     etag: '"65XRCGOJ6KOKV3T9XBTJLICZM"',
silly get cb     date: 'Sun, 16 Jun 2013 13:34:05 GMT',
silly get cb     'content-type': 'application/json',
silly get cb     'content-length': '14387' } ]
verbose mkdir (expected) error ENOENT, stat '/home/lucas/.npm/formidable'
verbose mkdir (expected) error ENOENT, stat '/home/lucas/.npm/formidable/1.0.13'
verbose mkdir done: /home/lucas/.npm/formidable/1.0.13 755
verbose bin dist [ '0.6-ares1.9.1-evundefined-openssl1.0.1c-v83.8.9.20-linux-x64-3.8.0-23-generic',
verbose bin dist   { shasum: '70caf0f9d69692a77e04021ddab4f46b01c82aea',
verbose bin dist     tarball: 'http://registry.npmjs.org/formidable/-/formidable-1.0.13.tgz' } ]
verbose addRemoteTarball [ 'https://registry.npmjs.org/formidable/-/formidable-1.0.13.tgz',
verbose addRemoteTarball   '70caf0f9d69692a77e04021ddab4f46b01c82aea' ]
verbose mkdir (expected) error ENOENT, stat '/tmp/npm-1371389645501/1371389646284-0.4443552913144231'
verbose mkdir done: /tmp/npm-1371389645501/1371389646284-0.4443552913144231 755
verbose fetch to /tmp/npm-1371389645501/1371389646284-0.4443552913144231/tmp.tgz
http GET https://registry.npmjs.org/formidable/-/formidable-1.0.13.tgz
http 200 https://registry.npmjs.org/optimist
silly get cb [ 200,
silly get cb   { vary: 'Accept',
silly get cb     server: 'CouchDB/1.3.0 (Erlang OTP/R15B03)',
silly get cb     etag: '"DZEDGMGMDO473FWPF6FPQVA41"',
silly get cb     date: 'Sun, 16 Jun 2013 13:34:05 GMT',
silly get cb     'content-type': 'application/json',
silly get cb     'content-length': '111820' } ]
verbose mkdir (expected) error ENOENT, stat '/home/lucas/.npm/optimist'
verbose mkdir done: /home/lucas/.npm/optimist 755
silly name, range, hasData 2 [ 'optimist', '>=0.3.5- <0.4.0-', true ]
silly versions [ 'optimist',
silly versions   [ '0.0.1',
silly versions     '0.0.2',
silly versions     '0.0.4',
silly versions     '0.0.5',
silly versions     '0.0.6',
silly versions     '0.0.7',
silly versions     '0.1.0',
silly versions     '0.1.1',
silly versions     '0.1.2',
silly versions     '0.1.3',
silly versions     '0.1.4',
silly versions     '0.1.5',
silly versions     '0.1.6',
silly versions     '0.1.7',
silly versions     '0.1.8',
silly versions     '0.1.9',
silly versions     '0.0.3',
silly versions     '0.2.0',
silly versions     '0.2.1',
silly versions     '0.2.2',
silly versions     '0.2.3',
silly versions     '0.2.4',
silly versions     '0.2.5',
silly versions     '0.2.6',
silly versions     '0.2.7',
silly versions     '0.2.8',
silly versions     '0.3.0',
silly versions     '0.3.1',
silly versions     '0.3.3',
silly versions     '0.3.4',
silly versions     '0.3.5',
silly versions     '0.3.6',
silly versions     '0.3.7',
silly versions     '0.4.0',
silly versions     '0.5.0',
silly versions     '0.5.1',
silly versions     '0.5.2' ] ]
verbose bin dist [ '0.6-ares1.9.1-evundefined-openssl1.0.1c-v83.8.9.20-linux-x64-3.8.0-23-generic',
verbose bin dist   { shasum: 'c90941ad59e4273328923074d2cf2e7cbc6ec0d9',
verbose bin dist     tarball: 'http://registry.npmjs.org/optimist/-/optimist-0.3.7.tgz' } ]
http 200 https://registry.npmjs.org/cookie-signature/1.0.1
silly get cb [ 200,
silly get cb   { vary: 'Accept',
silly get cb     server: 'CouchDB/1.3.0 (Erlang OTP/R15B03)',
silly get cb     etag: '"A1YAMYCN81PPRMSD233QLP1AS"',
silly get cb     date: 'Sun, 16 Jun 2013 13:34:06 GMT',
silly get cb     'content-type': 'application/json',
silly get cb     'content-length': '2199' } ]
verbose addRemoteTarball [ 'https://registry.npmjs.org/optimist/-/optimist-0.3.7.tgz',
verbose addRemoteTarball   'c90941ad59e4273328923074d2cf2e7cbc6ec0d9' ]
verbose mkdir (expected) error ENOENT, stat '/tmp/npm-1371389645501/1371389646630-0.34338289499282837'
verbose mkdir (expected) error ENOENT, stat '/home/lucas/.npm/cookie-signature'
verbose mkdir done: /tmp/npm-1371389645501/1371389646630-0.34338289499282837 755
verbose mkdir (expected) error ENOENT, stat '/home/lucas/.npm/cookie-signature/1.0.1'
verbose fetch to /tmp/npm-1371389645501/1371389646630-0.34338289499282837/tmp.tgz
verbose mkdir done: /home/lucas/.npm/cookie-signature/1.0.1 755
http GET https://registry.npmjs.org/optimist/-/optimist-0.3.7.tgz
verbose bin dist [ '0.6-ares1.9.1-evundefined-openssl1.0.1c-v83.8.9.20-linux-x64-3.8.0-23-generic',
verbose bin dist   { shasum: '44e072148af01e6e8e24afbf12690d68ae698ecb',
verbose bin dist     tarball: 'http://registry.npmjs.org/cookie-signature/-/cookie-signature-1.0.1.tgz' } ]
verbose addRemoteTarball [ 'https://registry.npmjs.org/cookie-signature/-/cookie-signature-1.0.1.tgz',
verbose addRemoteTarball   '44e072148af01e6e8e24afbf12690d68ae698ecb' ]
verbose mkdir (expected) error ENOENT, stat '/tmp/npm-1371389645501/1371389646633-0.3409178170841187'
verbose mkdir done: /tmp/npm-1371389645501/1371389646633-0.3409178170841187 755
verbose fetch to /tmp/npm-1371389645501/1371389646633-0.3409178170841187/tmp.tgz
http GET https://registry.npmjs.org/cookie-signature/-/cookie-signature-1.0.1.tgz
http 200 https://registry.npmjs.org/buffer-crc32/0.2.1
silly get cb [ 200,
silly get cb   { vary: 'Accept',
silly get cb     server: 'CouchDB/1.3.0 (Erlang OTP/R15B03)',
silly get cb     etag: '"3LKD127K7O5WR4GS2MF9B4QTX"',
silly get cb     date: 'Sun, 16 Jun 2013 13:34:06 GMT',
silly get cb     'content-type': 'application/json',
silly get cb     'content-length': '2483' } ]
verbose mkdir (expected) error ENOENT, stat '/home/lucas/.npm/buffer-crc32'
verbose mkdir (expected) error ENOENT, stat '/home/lucas/.npm/buffer-crc32/0.2.1'
verbose mkdir done: /home/lucas/.npm/buffer-crc32/0.2.1 755
verbose bin dist [ '0.6-ares1.9.1-evundefined-openssl1.0.1c-v83.8.9.20-linux-x64-3.8.0-23-generic',
verbose bin dist   { shasum: 'be3e5382fc02b6d6324956ac1af98aa98b08534c',
verbose bin dist     tarball: 'http://registry.npmjs.org/buffer-crc32/-/buffer-crc32-0.2.1.tgz' } ]
verbose addRemoteTarball [ 'https://registry.npmjs.org/buffer-crc32/-/buffer-crc32-0.2.1.tgz',
verbose addRemoteTarball   'be3e5382fc02b6d6324956ac1af98aa98b08534c' ]
verbose mkdir (expected) error ENOENT, stat '/tmp/npm-1371389645501/1371389646802-0.49180488428100944'
verbose mkdir done: /tmp/npm-1371389645501/1371389646802-0.49180488428100944 755
verbose fetch to /tmp/npm-1371389645501/1371389646802-0.49180488428100944/tmp.tgz
http GET https://registry.npmjs.org/buffer-crc32/-/buffer-crc32-0.2.1.tgz
http 200 https://registry.npmjs.org/cookie/0.0.5
silly get cb [ 200,
silly get cb   { vary: 'Accept',
silly get cb     server: 'CouchDB/1.3.0 (Erlang OTP/R15B03)',
silly get cb     etag: '"A6N0I5F7PID4P781UIMSG3CJV"',
silly get cb     date: 'Sun, 16 Jun 2013 13:34:06 GMT',
silly get cb     'content-type': 'application/json',
silly get cb     'content-length': '1797' } ]
verbose mkdir (expected) error ENOENT, stat '/home/lucas/.npm/cookie'
verbose mkdir (expected) error ENOENT, stat '/home/lucas/.npm/cookie/0.0.5'
verbose mkdir done: /home/lucas/.npm/cookie/0.0.5 755
verbose bin dist [ '0.6-ares1.9.1-evundefined-openssl1.0.1c-v83.8.9.20-linux-x64-3.8.0-23-generic',
verbose bin dist   { shasum: 'f9acf9db57eb7568c9fcc596256b7bb22e307c81',
verbose bin dist     tarball: 'http://registry.npmjs.org/cookie/-/cookie-0.0.5.tgz' } ]
verbose addRemoteTarball [ 'https://registry.npmjs.org/cookie/-/cookie-0.0.5.tgz',
verbose addRemoteTarball   'f9acf9db57eb7568c9fcc596256b7bb22e307c81' ]
verbose mkdir (expected) error ENOENT, stat '/tmp/npm-1371389645501/1371389647061-0.8498659990727901'
verbose mkdir done: /tmp/npm-1371389645501/1371389647061-0.8498659990727901 755
verbose fetch to /tmp/npm-1371389645501/1371389647061-0.8498659990727901/tmp.tgz
http GET https://registry.npmjs.org/cookie/-/cookie-0.0.5.tgz
http 200 https://registry.npmjs.org/send/0.1.0
silly get cb [ 200,
silly get cb   { vary: 'Accept',
silly get cb     server: 'CouchDB/1.3.0 (Erlang OTP/R15B03)',
silly get cb     etag: '"DVRN1S9LASJT0NZAIM9T5XS2"',
silly get cb     date: 'Sun, 16 Jun 2013 13:34:06 GMT',
silly get cb     'content-type': 'application/json',
silly get cb     'content-length': '4391' } ]
verbose mkdir (expected) error ENOENT, stat '/home/lucas/.npm/send'
verbose mkdir (expected) error ENOENT, stat '/home/lucas/.npm/send/0.1.0'
verbose mkdir done: /home/lucas/.npm/send/0.1.0 755
verbose bin dist [ '0.6-ares1.9.1-evundefined-openssl1.0.1c-v83.8.9.20-linux-x64-3.8.0-23-generic',
verbose bin dist   { shasum: 'cfb08ebd3cec9b7fc1a37d9ff9e875a971cf4640',
verbose bin dist     tarball: 'http://registry.npmjs.org/send/-/send-0.1.0.tgz' } ]
verbose addRemoteTarball [ 'https://registry.npmjs.org/send/-/send-0.1.0.tgz',
verbose addRemoteTarball   'cfb08ebd3cec9b7fc1a37d9ff9e875a971cf4640' ]
verbose mkdir (expected) error ENOENT, stat '/tmp/npm-1371389645501/1371389647083-0.8998549161478877'
verbose mkdir done: /tmp/npm-1371389645501/1371389647083-0.8998549161478877 755
verbose fetch to /tmp/npm-1371389645501/1371389647083-0.8998549161478877/tmp.tgz
http GET https://registry.npmjs.org/send/-/send-0.1.0.tgz
http 200 https://registry.npmjs.org/bytes/0.2.0
silly get cb [ 200,
silly get cb   { vary: 'Accept',
silly get cb     server: 'CouchDB/1.3.0 (Erlang OTP/R15B03)',
silly get cb     etag: '"6IO0OD4K2Q4F0HIEN6TJ5YHDR"',
silly get cb     date: 'Sun, 16 Jun 2013 13:34:06 GMT',
silly get cb     'content-type': 'application/json',
silly get cb     'content-length': '2064' } ]
verbose mkdir (expected) error ENOENT, stat '/home/lucas/.npm/bytes'
verbose mkdir (expected) error ENOENT, stat '/home/lucas/.npm/bytes/0.2.0'
verbose mkdir done: /home/lucas/.npm/bytes/0.2.0 755
verbose bin dist [ '0.6-ares1.9.1-evundefined-openssl1.0.1c-v83.8.9.20-linux-x64-3.8.0-23-generic',
verbose bin dist   { shasum: 'aad33ec14e3dc2ca74e8e7d451f9ba053ad4f7a0',
verbose bin dist     tarball: 'http://registry.npmjs.org/bytes/-/bytes-0.2.0.tgz' } ]
verbose addRemoteTarball [ 'https://registry.npmjs.org/bytes/-/bytes-0.2.0.tgz',
verbose addRemoteTarball   'aad33ec14e3dc2ca74e8e7d451f9ba053ad4f7a0' ]
verbose mkdir (expected) error ENOENT, stat '/tmp/npm-1371389645501/1371389647278-0.6598995332606137'
verbose mkdir done: /tmp/npm-1371389645501/1371389647278-0.6598995332606137 755
verbose fetch to /tmp/npm-1371389645501/1371389647278-0.6598995332606137/tmp.tgz
http GET https://registry.npmjs.org/bytes/-/bytes-0.2.0.tgz
http 200 https://registry.npmjs.org/fresh/0.1.0
silly get cb [ 200,
silly get cb   { vary: 'Accept',
silly get cb     server: 'CouchDB/1.3.0 (Erlang OTP/R15B03)',
silly get cb     etag: '"9ZHXIYX26MNW15OYC5X6DYK5K"',
silly get cb     date: 'Sun, 16 Jun 2013 13:34:07 GMT',
silly get cb     'content-type': 'application/json',
silly get cb     'content-length': '699' } ]
verbose mkdir (expected) error ENOENT, stat '/home/lucas/.npm/fresh'
verbose mkdir (expected) error ENOENT, stat '/home/lucas/.npm/fresh/0.1.0'
verbose mkdir done: /home/lucas/.npm/fresh/0.1.0 755
verbose bin dist [ '0.6-ares1.9.1-evundefined-openssl1.0.1c-v83.8.9.20-linux-x64-3.8.0-23-generic',
verbose bin dist   { shasum: '03e4b0178424e4c2d5d19a54d8814cdc97934850',
verbose bin dist     tarball: 'http://registry.npmjs.org/fresh/-/fresh-0.1.0.tgz' } ]
verbose addRemoteTarball [ 'https://registry.npmjs.org/fresh/-/fresh-0.1.0.tgz',
verbose addRemoteTarball   '03e4b0178424e4c2d5d19a54d8814cdc97934850' ]
verbose mkdir (expected) error ENOENT, stat '/tmp/npm-1371389645501/1371389647286-0.791371249826625'
verbose mkdir done: /tmp/npm-1371389645501/1371389647286-0.791371249826625 755
verbose fetch to /tmp/npm-1371389645501/1371389647286-0.791371249826625/tmp.tgz
http GET https://registry.npmjs.org/fresh/-/fresh-0.1.0.tgz
http 200 https://registry.npmjs.org/pause/0.0.1
silly get cb [ 200,
silly get cb   { vary: 'Accept',
silly get cb     server: 'CouchDB/1.3.0 (Erlang OTP/R15B03)',
silly get cb     etag: '"8I90V2GF62L435N8F4T5ETZTM"',
silly get cb     date: 'Sun, 16 Jun 2013 13:34:07 GMT',
silly get cb     'content-type': 'application/json',
silly get cb     'content-length': '453' } ]
verbose mkdir (expected) error ENOENT, stat '/home/lucas/.npm/pause'
verbose mkdir (expected) error ENOENT, stat '/home/lucas/.npm/pause/0.0.1'
verbose mkdir done: /home/lucas/.npm/pause/0.0.1 755
verbose bin dist [ '0.6-ares1.9.1-evundefined-openssl1.0.1c-v83.8.9.20-linux-x64-3.8.0-23-generic',
verbose bin dist   { shasum: '1d408b3fdb76923b9543d96fb4c9dfd535d9cb5d',
verbose bin dist     tarball: 'http://registry.npmjs.org/pause/-/pause-0.0.1.tgz' } ]
verbose addRemoteTarball [ 'https://registry.npmjs.org/pause/-/pause-0.0.1.tgz',
verbose addRemoteTarball   '1d408b3fdb76923b9543d96fb4c9dfd535d9cb5d' ]
verbose mkdir (expected) error ENOENT, stat '/tmp/npm-1371389645501/1371389647329-0.30873472220264375'
verbose mkdir done: /tmp/npm-1371389645501/1371389647329-0.30873472220264375 755
verbose fetch to /tmp/npm-1371389645501/1371389647329-0.30873472220264375/tmp.tgz
http GET https://registry.npmjs.org/pause/-/pause-0.0.1.tgz
http 200 https://registry.npmjs.org/debug
silly get cb [ 200,
silly get cb   { vary: 'Accept',
silly get cb     server: 'CouchDB/1.3.0 (Erlang OTP/R15B03)',
silly get cb     etag: '"4S9PMW1EQP2ELXJF1HSVW86VT"',
silly get cb     date: 'Sun, 16 Jun 2013 13:34:07 GMT',
silly get cb     'content-type': 'application/json',
silly get cb     'content-length': '21727' } ]
verbose mkdir (expected) error ENOENT, stat '/home/lucas/.npm/debug'
verbose mkdir done: /home/lucas/.npm/debug 755
silly name, range, hasData 2 [ 'debug', '', true ]
silly versions [ 'debug',
silly versions   [ '0.0.1',
silly versions     '0.1.0',
silly versions     '0.2.0',
silly versions     '0.3.0',
silly versions     '0.4.0',
silly versions     '0.4.1',
silly versions     '0.5.0',
silly versions     '0.6.0',
silly versions     '0.7.0',
silly versions     '0.7.1',
silly versions     '0.7.2' ] ]
verbose bin dist [ '0.6-ares1.9.1-evundefined-openssl1.0.1c-v83.8.9.20-linux-x64-3.8.0-23-generic',
verbose bin dist   { shasum: '056692c86670977f115de82917918b8e8b9a10f0',
verbose bin dist     tarball: 'http://registry.npmjs.org/debug/-/debug-0.7.2.tgz' } ]
verbose addRemoteTarball [ 'https://registry.npmjs.org/debug/-/debug-0.7.2.tgz',
verbose addRemoteTarball   '056692c86670977f115de82917918b8e8b9a10f0' ]
verbose mkdir (expected) error ENOENT, stat '/tmp/npm-1371389645501/1371389647782-0.2286998056806624'
verbose mkdir done: /tmp/npm-1371389645501/1371389647782-0.2286998056806624 755
verbose fetch to /tmp/npm-1371389645501/1371389647782-0.2286998056806624/tmp.tgz
http GET https://registry.npmjs.org/debug/-/debug-0.7.2.tgz
http 200 https://registry.npmjs.org/source-map
silly get cb [ 200,
silly get cb   { vary: 'Accept',
silly get cb     server: 'CouchDB/1.3.0 (Erlang OTP/R15B03)',
silly get cb     etag: '"ECOQEOT2IWYM564J96W1KS1NP"',
silly get cb     date: 'Sun, 16 Jun 2013 13:34:05 GMT',
silly get cb     'content-type': 'application/json',
silly get cb     'content-length': '257621' } ]
verbose mkdir (expected) error ENOENT, stat '/home/lucas/.npm/source-map'
verbose mkdir done: /home/lucas/.npm/source-map 755
silly name, range, hasData 2 [ 'source-map', '>=0.1.7- <0.2.0-', true ]
silly versions [ 'source-map',
silly versions   [ '0.0.0', '0.1.0', '0.1.1', '0.1.2', '0.1.3' ] ]
verbose about to build /usr/local/lib/node_modules/uglify-js
ERR! error installing uglify-js@2.3.6
info unbuild /usr/local/lib/node_modules/uglify-js
verbose from cache /usr/local/lib/node_modules/uglify-js/package.json
info preuninstall uglify-js@2.3.6
info uninstall uglify-js@2.3.6
verbose unbuild uglify-js@2.3.6 [ true,
verbose unbuild uglify-js@2.3.6   '/usr/local/lib/node_modules',
verbose unbuild uglify-js@2.3.6   '/usr/local/lib/node_modules' ]
verbose binRoot [ '/usr/local/bin', { uglifyjs: 'bin/uglifyjs' } ]
info postuninstall uglify-js@2.3.6
http 200 https://registry.npmjs.org/underscore
silly get cb [ 200,
silly get cb   { vary: 'Accept',
silly get cb     server: 'CouchDB/1.3.0 (Erlang OTP/R15B03)',
silly get cb     etag: '"B8MDT3CM9X0J04Y9UCDU5C3RM"',
silly get cb     date: 'Sun, 16 Jun 2013 13:34:07 GMT',
silly get cb     'content-type': 'application/json',
silly get cb     'content-length': '36080' } ]
silly name, range, hasData 2 [ 'underscore', '>=1.4.0- <1.5.0-', true ]
silly versions [ 'underscore',
silly versions   [ '1.0.3',
silly versions     '1.0.4',
silly versions     '1.1.0',
silly versions     '1.1.1',
silly versions     '1.1.2',
silly versions     '1.1.3',
silly versions     '1.1.4',
silly versions     '1.1.5',
silly versions     '1.1.6',
silly versions     '1.1.7',
silly versions     '1.2.0',
silly versions     '1.2.1',
silly versions     '1.2.2',
silly versions     '1.2.3',
silly versions     '1.2.4',
silly versions     '1.3.0',
silly versions     '1.3.1',
silly versions     '1.3.2',
silly versions     '1.3.3',
silly versions     '1.4.0',
silly versions     '1.4.1',
silly versions     '1.4.2',
silly versions     '1.4.3',
silly versions     '1.4.4' ] ]
verbose bin dist [ '0.6-ares1.9.1-evundefined-openssl1.0.1c-v83.8.9.20-linux-x64-3.8.0-23-generic',
verbose bin dist   { shasum: '61a6a32010622afa07963bf325203cf12239d604',
verbose bin dist     tarball: 'http://registry.npmjs.org/underscore/-/underscore-1.4.4.tgz' } ]
verbose installOne cb uglify-js@2.3.6
ERR! Error: No compatible version found: source-map@'>=0.1.7- <0.2.0-'
ERR! Valid install targets:
ERR! ["0.0.0","0.1.0","0.1.1","0.1.2","0.1.3"]
ERR!     at installTargetsError (/usr/share/npm/lib/cache.js:488:10)
ERR!     at next_ (/usr/share/npm/lib/cache.js:438:17)
ERR!     at next (/usr/share/npm/lib/cache.js:415:44)
ERR!     at /usr/share/npm/lib/cache.js:408:5
ERR!     at saved (/usr/share/npm/lib/utils/npm-registry-client/get.js:147:7)
ERR!     at Object.oncomplete (/usr/lib/nodejs/graceful-fs.js:230:7)
ERR! You may report this log at:
ERR!     <http://bugs.debian.org/npm>
ERR! or use
ERR!     reportbug --attach /media/Dados/Documents/workspace/PHP/CoFe/less/npm-debug.log npm
ERR! 
ERR! System Linux 3.8.0-23-generic
ERR! command "/usr/bin/nodejs" "/usr/bin/npm" "install" "recess" "connect" "uglify-js" "jshint" "-g"
ERR! cwd /media/Dados/Documents/workspace/PHP/CoFe/less
ERR! node -v v0.6.19
ERR! npm -v 1.1.4
ERR! message No compatible version found: source-map@'>=0.1.7- <0.2.0-'
ERR! message Valid install targets:
ERR! message ["0.0.0","0.1.0","0.1.1","0.1.2","0.1.3"]
verbose exit [ 1, true ]
