Uso: ls [OPÇÃO]... [ARQUIVO]...
Informação de lista sobre os FILEs (o diretório atual por padrão).
Ordena entradas alfabeticamente se nenhum -cftuvSUX ou --sort estiver especificado.

Argumentos obrigatórios para opções longas também o são para opções curtas.
  -a, --all não ignora entradas iniciadas com  .
  -A, --almost-all não lista . e .. implícitos
      --author com -l, imprime o autor d cada arquivo
  -b, --escape imprime escapes no estilo-C para caracteres não gráficos
      --block-size=SIZE      scale sizes by SIZE before printing them.  E.g.,
                               '--block-size=M' prints sizes in units of
                               1,048,576 bytes.  See SIZE format below.
  -B, --ignore-backups       do not list implied entries ending with ~
  -c                         with -lt: sort by, and show, ctime (time of last
                               modification of file status information)
                               with -l: show ctime and sort by name
                               otherwise: sort by ctime, newest first
  -C                         list entries by columns
      --color[=WHEN]         colorize the output.  WHEN defaults to 'always'
                               or can be 'never' or 'auto'.  More info below
  -d, --directory            list directory entries instead of contents,
                               and do not dereference symbolic links
  -D, --dired                generate output designed for Emacs' dired mode
  -f                         do not sort, enable -aU, disable -ls --color
  -F, --classify             append indicator (one of */=>@|) to entries
      --file-type            likewise, except do not append '*'
      --format=WORD          across -x, commas -m, horizontal -x, long -l,
                               single-column -1, verbose -l, vertical -C
      --full-time            like -l --time-style=full-iso
  -g                         o mesmo que -l, mas não lista o dono
      --group-directories-first
                             lista os diretórios antes de listar os arquivos.
                               permite usar a opção --sort, mas o uso de
                               --sort=none (-U) desabilita o agrupamento de
                               diretórios
  -G, --no-group             em lista longa (-l), não emite os nomes de grupo
  -h, --human-readable       com -l, emite os tamanhos em formato inteligível
                               para humanos (por exemplo, 1K 234M 2G)
      --si                   similar, mas usa potências de 1000, e não de 1024
  -H, --dereference-command-line
                             segue as ligações simbólicas listadas na linha de
                               comando
      --dereference-command-line-symlink-to-dir
                             segue toda ligação simbólica da linha de comando
                               que apontar para um diretório
      --hide=PADRÃO         não lista entradas implícitas que coincidam com o
                              PADRÃO em sintaxe shell (ignorado quando se usa
                              -a ou -A)
      --indicator-style=WORD  append indicator with style WORD to entry names:
                               none (default), slash (-p),
                               file-type (--file-type), classify (-F)
  -i, --inode                print the index number of each file
  -I, --ignore=PATTERN       do not list implied entries matching shell PATTERN
  -k, --kibibytes            use 1024-byte blocks
  -l                         usa o formato de lista longa
  -L, --dereference          quando mostrar informações de uma ligação
                               simbólica, mostra as do arquivo a quem ela
                               referencia, e não do arquivo tipo ligação em si
  -m                         preenche toda a largura com uma lista de entradas
                               separadas por vírgula
  -n, --numeric-uid-gid      como -l, mas lista usuário e grupo em números ID
  -N, --literal              emite nomes de entradas de forma crua (não trata,
                               por exemplo, caracteres de controle de forma
                               especial)
  -o                         como -l, mas não lista informações sobre o grupo
  -p, --indicator-style=slash
                             anexa o indicador / aos diretórios
  -q, --hide-control-chars   print ? instead of non graphic characters
      --show-control-chars   show non graphic characters as-is (default
                             unless program is 'ls' and output is a terminal)
  -Q, --quote-name           enclose entry names in double quotes
      --quoting-style=WORD   use quoting style WORD for entry names:
                               literal, locale, shell, shell-always, c, escape
  -r, --reverse              inverte a ordem de ordenação
  -R, --recursive            lista subdiretórios recursivamente
  -s, --size                 mostra o tamanho alocado para cada arquivo, em blocos
  -S                         ordena por tamanho de arquivo
      --sort=PALAVRA         ordena por PALAVRA em vez de pelo nome: none -U,
                               extension -X, size -S, time -t, version -v
                               (nenhum, extensão, tamanho, hora, versão)
      --time=PALAVRA         com -l, mostra a hora como PALAVRA em vez do
                               horário de modificação:
                               atime -u, access -u, use -u: último acesso,
                               ctime -c, status -c: última modificação;
                               usa o horário especificado como chave de
                               ordenação se --sort=time
      --time-style=STYLE     with -l, show times using style STYLE:
                             full-iso, long-iso, iso, locale, +FORMAT.
                             FORMAT is interpreted like 'date'; if FORMAT is
                             FORMAT1<newline>FORMAT2, FORMAT1 applies to
                             non-recent files and FORMAT2 to recent files;
                             if STYLE is prefixed with 'posix-', STYLE
                             takes effect only outside the POSIX locale
  -t                         ordena por horário de modificação, mais recente primeiro
  -T, --tabsize=COLS         assume que tab para a cada COLS ao invés de 8
  -u                         com -lt: ordena e exibe por data de acesso
                               com -l: exibe o tempo de acesso e ordena por nome
                               sem nenhum parâmetro, ordena por data de acesso 
  -U                         não ordenar; exibe as entradas na ordem do diretório
  -v                         ordena pela ordem natural dos números de versão dentro do texto
  -w, --width=COLS           assume a largura da tela como COLS
  -x                         lista as entradas por linha em vez de por coluna
  -X                         ordena por ordem alfabética das extensões das
                               entradas
  -Z, --context              emite qualquer contexto de segurança SELinux de
                               cada arquivo
  -1                         lista um arquivo por linha
      --help     mostra esta ajuda e finaliza
      --version  informa a versão e finaliza

SIZE is an integer and optional unit (example: 10M is 10*1024*1024).  Units
are K, M, G, T, P, E, Z, Y (powers of 1024) or KB, MB, ... (powers of 1000).

Usar cores para distinguir tipos de arquivos está desabilitado tanto pelo padrão quanto
pelo --color=never. Com --color=auto, ls emite códigos coloridos somente quando a
saída padrão está conectada a um terminal. A variável de ambiente LS_COLORS
pode mudar as definições. Use o comando dircolors para defini-la.

Estado de saída:
 0  se estiver tudo OK,
 1  caso apresente pequenos problemas (por ex., não conseguiu acessar um subdiretório),
 2  caso apresente algum problema sério (por ex., não conseguiu acessar um parâmetro de linha de comando).

Relatar ls erros para bug-coreutils@gnu.org
página de GNU coreutils: <http://www.gnu.org/software/coreutils/>
Ajuda geral sobre uso de software GNU: <http://www.gnu.org/gethelp/>
Relate ls erros de tradução para <http://translationproject.org/team/pt_BR.html>
Para a documentação completa, execute: info coreutils 'ls invocation'
