Collecting files .. OK
Initializing parser .. OK
Parsing files
Parsing /media/Dados/Documents/workspace/PHP/CoFe/init_autoloader.php
Parsing /media/Dados/Documents/workspace/PHP/CoFe/module/Admin/Module.php
Parsing /media/Dados/Documents/workspace/PHP/CoFe/module/Admin/src/Admin/Controller/AuthController.php
Parsing /media/Dados/Documents/workspace/PHP/CoFe/module/Admin/src/Admin/Controller/UserController.php
Parsing /media/Dados/Documents/workspace/PHP/CoFe/module/Admin/src/Admin/Form/Login.php
Parsing /media/Dados/Documents/workspace/PHP/CoFe/module/Admin/src/Admin/Form/User.php
Parsing /media/Dados/Documents/workspace/PHP/CoFe/module/Admin/src/Admin/Model/DAO/UserDAOInterface.php
Parsing /media/Dados/Documents/workspace/PHP/CoFe/module/Admin/src/Admin/Model/Doctrine/UserDAODoctrine.php
Parsing /media/Dados/Documents/workspace/PHP/CoFe/module/Admin/src/Admin/Model/Entity/User.php
Parsing /media/Dados/Documents/workspace/PHP/CoFe/module/Admin/src/Admin/Service/AuthService.php
Parsing /media/Dados/Documents/workspace/PHP/CoFe/module/Admin/src/Admin/Service/Exception/Auth/InactiveUserAuthException.php
Parsing /media/Dados/Documents/workspace/PHP/CoFe/module/Admin/src/Admin/Service/Exception/Auth/InvalidUserAuthException.php
Parsing /media/Dados/Documents/workspace/PHP/CoFe/module/Admin/src/Admin/Service/Exception/Auth/NotAuthorizedAuthException.php
Parsing /media/Dados/Documents/workspace/PHP/CoFe/module/Admin/src/Admin/Service/Exception/AuthException.php
Parsing /media/Dados/Documents/workspace/PHP/CoFe/module/Admin/src/Admin/Service/UserDAOService.php
Parsing /media/Dados/Documents/workspace/PHP/CoFe/module/Admin/src/Admin/View/Helper/AuthHelper.php
Parsing /media/Dados/Documents/workspace/PHP/CoFe/module/Application/Module.php
Parsing /media/Dados/Documents/workspace/PHP/CoFe/module/Application/src/Application/Controller/IndexController.php
Parsing /media/Dados/Documents/workspace/PHP/CoFe/module/Core/Module.php
Parsing /media/Dados/Documents/workspace/PHP/CoFe/module/Core/src/Core/Acl/Builder.php
Parsing /media/Dados/Documents/workspace/PHP/CoFe/module/Core/src/Core/Authentification/Doctrine/DoctrineAdapter.php
Parsing /media/Dados/Documents/workspace/PHP/CoFe/module/Core/src/Core/Controller/AbstractController.php
Parsing /media/Dados/Documents/workspace/PHP/CoFe/module/Core/src/Core/Form/Form.php
Parsing /media/Dados/Documents/workspace/PHP/CoFe/module/Core/src/Core/Model/DAO/DAOInterface.php
Parsing /media/Dados/Documents/workspace/PHP/CoFe/module/Core/src/Core/Model/DAO/Doctrine/AbstractDoctrineDAO.php
Parsing /media/Dados/Documents/workspace/PHP/CoFe/module/Core/src/Core/Model/DAO/Exception/DAOException.php
Parsing /media/Dados/Documents/workspace/PHP/CoFe/module/Core/src/Core/Model/Entity/Entity.php
Parsing /media/Dados/Documents/workspace/PHP/CoFe/module/Core/src/Core/Service/AbstractDAOService.php
Parsing /media/Dados/Documents/workspace/PHP/CoFe/module/Core/src/Core/Service/DAOServiceInterface.php
Parsing /media/Dados/Documents/workspace/PHP/CoFe/module/Core/src/Core/Service/Factory/DAOServiceFactory.php
Parsing /media/Dados/Documents/workspace/PHP/CoFe/module/Core/src/Core/Service/Service.php
Parsing /media/Dados/Documents/workspace/PHP/CoFe/module/Core/src/Core/Test/Bootstrap.php
Parsing /media/Dados/Documents/workspace/PHP/CoFe/module/Core/src/Core/Test/ControllerTestCase.php
Parsing /media/Dados/Documents/workspace/PHP/CoFe/module/Core/src/Core/Test/ModelTestCase.php
Parsing /media/Dados/Documents/workspace/PHP/CoFe/module/Core/src/Core/Test/ServiceTestCase.php
Parsing /media/Dados/Documents/workspace/PHP/CoFe/module/Core/src/Core/Test/TestCase.php
Parsing /media/Dados/Documents/workspace/PHP/CoFe/module/Core/src/Core/Validator/GenericValidator.php
Parsing /media/Dados/Documents/workspace/PHP/CoFe/public/index.php
Parsing /media/Dados/Documents/workspace/PHP/CoFe/test.php
Parsing /media/Dados/Documents/workspace/PHP/CoFe/test_array.php
Storing cache in "/media/Dados/Documents/workspace/PHP/CoFe/documents/docs" .. OK
Load cache                                                           ..    0.101s
Preparing template "CoFe"                                            .. 